2025-06-27T05:41:18.646Z [[32minfo[39m]: Starting CipherPay Backend...
2025-06-27T05:41:18.647Z [[32minfo[39m]: Initializing MerkleTreeService...
2025-06-27T05:41:18.873Z [[32minfo[39m]: Computed zero hashes for levels 0-30
2025-06-27T05:41:18.873Z [[32minfo[39m]: MerkleTreeService initialized successfully
2025-06-27T05:41:18.875Z [[32minfo[39m]: Initializing EventIndexer...
2025-06-27T05:41:18.898Z [[32minfo[39m]: Finding contract creation block...
2025-06-27T05:41:18.970Z [[32minfo[39m]: Contract created at block 24
2025-06-27T05:41:18.970Z [[32minfo[39m]: Starting to index events from block 24...
2025-06-27T05:41:18.970Z [[32minfo[39m]: Indexing events from block 24 to 24...
2025-06-27T05:41:18.983Z [[32minfo[39m]: Found 0 leaf insertion events
2025-06-27T05:41:18.984Z [[32minfo[39m]: Historical event indexing complete
2025-06-27T05:41:18.984Z [[32minfo[39m]: Setting up real-time event listener...
2025-06-27T05:41:18.984Z [[32minfo[39m]: EventIndexer initialized successfully
2025-06-27T05:41:18.986Z [[32minfo[39m]: Server running on port 3001
2025-06-27T05:41:18.986Z [[32minfo[39m]: Health check: http://localhost:3001/health
2025-06-27T05:41:18.986Z [[32minfo[39m]: Merkle API: http://localhost:3001/api/merkle
2025-06-27T05:41:52.266Z [[32minfo[39m]: Served Merkle tree with 0 leaves
2025-06-27T05:41:53.662Z [[32minfo[39m]: Served Merkle tree with 0 leaves
2025-06-27T05:41:54.977Z [[32minfo[39m]: Served Merkle tree with 0 leaves
2025-06-27T05:41:58.706Z [[32minfo[39m]: Served Merkle tree with 0 leaves
2025-06-27T05:43:47.454Z [[32minfo[39m]: Shutting down gracefully...
2025-06-27T05:43:51.405Z [[32minfo[39m]: Starting CipherPay Backend...
2025-06-27T05:43:51.406Z [[32minfo[39m]: Initializing MerkleTreeService...
2025-06-27T05:43:51.626Z [[32minfo[39m]: Computed zero hashes for levels 0-30
2025-06-27T05:43:51.626Z [[32minfo[39m]: MerkleTreeService initialized successfully
2025-06-27T05:43:51.628Z [[32minfo[39m]: Initializing EventIndexer...
2025-06-27T05:43:51.650Z [[32minfo[39m]: Finding contract creation block...
2025-06-27T05:43:51.726Z [[32minfo[39m]: Contract created at block 24
2025-06-27T05:43:51.727Z [[32minfo[39m]: Starting to index events from block 24...
2025-06-27T05:43:51.727Z [[32minfo[39m]: Indexing events from block 24 to 26...
2025-06-27T05:43:51.741Z [[32minfo[39m]: Found 0 leaf insertion events
2025-06-27T05:43:51.741Z [[32minfo[39m]: Historical event indexing complete
2025-06-27T05:43:51.742Z [[32minfo[39m]: Setting up real-time event listener...
2025-06-27T05:43:51.742Z [[32minfo[39m]: EventIndexer initialized successfully
2025-06-27T05:43:51.743Z [[32minfo[39m]: Server running on port 3001
2025-06-27T05:43:51.744Z [[32minfo[39m]: Health check: http://localhost:3001/health
2025-06-27T05:43:51.744Z [[32minfo[39m]: Merkle API: http://localhost:3001/api/merkle
2025-06-27T05:45:00.045Z [[32minfo[39m]: Starting CipherPay Backend...
2025-06-27T05:45:00.046Z [[32minfo[39m]: Initializing MerkleTreeService...
2025-06-27T05:45:00.256Z [[32minfo[39m]: Computed zero hashes for levels 0-30
2025-06-27T05:45:00.256Z [[32minfo[39m]: MerkleTreeService initialized successfully
2025-06-27T05:45:00.258Z [[32minfo[39m]: Initializing EventIndexer...
2025-06-27T05:45:00.282Z [[32minfo[39m]: Finding contract creation block...
2025-06-27T05:45:00.356Z [[32minfo[39m]: Contract created at block 24
2025-06-27T05:45:00.356Z [[32minfo[39m]: Starting to index events from block 24...
2025-06-27T05:45:00.356Z [[32minfo[39m]: Indexing events from block 24 to 26...
2025-06-27T05:45:00.370Z [[32minfo[39m]: Found 0 leaf insertion events
2025-06-27T05:45:00.371Z [[32minfo[39m]: Historical event indexing complete
2025-06-27T05:45:00.371Z [[32minfo[39m]: Setting up real-time event listener...
2025-06-27T05:45:00.371Z [[32minfo[39m]: EventIndexer initialized successfully
2025-06-27T05:45:00.373Z [[32minfo[39m]: Server running on port 3001
2025-06-27T05:45:00.373Z [[32minfo[39m]: Health check: http://localhost:3001/health
2025-06-27T05:45:00.373Z [[32minfo[39m]: Merkle API: http://localhost:3001/api/merkle
2025-06-27T05:45:21.264Z [[32minfo[39m]: Starting CipherPay Backend...
2025-06-27T05:45:21.265Z [[32minfo[39m]: Initializing MerkleTreeService...
2025-06-27T05:45:21.483Z [[32minfo[39m]: Computed zero hashes for levels 0-30
2025-06-27T05:45:21.483Z [[32minfo[39m]: MerkleTreeService initialized successfully
2025-06-27T05:45:21.486Z [[32minfo[39m]: Initializing EventIndexer...
2025-06-27T05:45:21.510Z [[32minfo[39m]: Finding contract creation block...
2025-06-27T05:45:21.584Z [[32minfo[39m]: Contract created at block 24
2025-06-27T05:45:49.981Z [[32minfo[39m]: Starting CipherPay Backend...
2025-06-27T05:45:49.982Z [[32minfo[39m]: Initializing MerkleTreeService...
2025-06-27T05:45:50.199Z [[32minfo[39m]: Computed zero hashes for levels 0-30
2025-06-27T05:45:50.200Z [[32minfo[39m]: MerkleTreeService initialized successfully
2025-06-27T05:45:50.202Z [[32minfo[39m]: Initializing EventIndexer...
2025-06-27T05:45:50.223Z [[32minfo[39m]: Finding contract creation block...
2025-06-27T05:45:50.296Z [[32minfo[39m]: Contract created at block 24
2025-06-27T05:45:50.296Z [[32minfo[39m]: Starting to index events from block 24...
2025-06-27T05:45:50.296Z [[32minfo[39m]: Indexing events from block 24 to 26...
2025-06-27T05:45:50.309Z [[32minfo[39m]: Found 0 leaf insertion events
2025-06-27T05:45:50.309Z [[32minfo[39m]: Historical event indexing complete
2025-06-27T05:45:50.309Z [[32minfo[39m]: Setting up real-time event listener...
2025-06-27T05:45:50.310Z [[32minfo[39m]: EventIndexer initialized successfully
2025-06-27T05:45:50.311Z [[32minfo[39m]: Server running on port 3001
2025-06-27T05:45:50.311Z [[32minfo[39m]: Health check: http://localhost:3001/health
2025-06-27T05:45:50.311Z [[32minfo[39m]: Merkle API: http://localhost:3001/api/merkle
2025-06-27T05:46:36.299Z [[32minfo[39m]: Shutting down gracefully...
2025-06-27T05:46:51.246Z [[32minfo[39m]: Starting CipherPay Backend...
2025-06-27T05:46:51.247Z [[32minfo[39m]: Initializing MerkleTreeService...
2025-06-27T05:46:51.478Z [[32minfo[39m]: Computed zero hashes for levels 0-30
2025-06-27T05:46:51.478Z [[32minfo[39m]: MerkleTreeService initialized successfully
2025-06-27T05:46:51.480Z [[32minfo[39m]: Initializing EventIndexer...
2025-06-27T05:46:51.503Z [[32minfo[39m]: Finding contract creation block...
2025-06-27T05:46:51.579Z [[32minfo[39m]: Contract created at block 24
2025-06-27T05:46:51.579Z [[32minfo[39m]: Starting to index events from block 24...
2025-06-27T05:46:51.580Z [[32minfo[39m]: Indexing events from block 24 to 27...
2025-06-27T05:46:51.593Z [[32minfo[39m]: Found 0 leaf insertion events
2025-06-27T05:46:51.593Z [[32minfo[39m]: Historical event indexing complete
2025-06-27T05:46:51.593Z [[32minfo[39m]: Setting up real-time event listener...
2025-06-27T05:46:51.594Z [[32minfo[39m]: EventIndexer initialized successfully
2025-06-27T05:46:51.595Z [[32minfo[39m]: Server running on port 3001
2025-06-27T05:46:51.595Z [[32minfo[39m]: Health check: http://localhost:3001/health
2025-06-27T05:46:51.595Z [[32minfo[39m]: Merkle API: http://localhost:3001/api/merkle
2025-06-27T05:47:21.622Z [[32minfo[39m]: Shutting down gracefully...
2025-06-27T05:47:23.800Z [[32minfo[39m]: Starting CipherPay Backend...
2025-06-27T05:47:23.801Z [[32minfo[39m]: Initializing MerkleTreeService...
2025-06-27T05:47:24.014Z [[32minfo[39m]: Computed zero hashes for levels 0-30
2025-06-27T05:47:24.014Z [[32minfo[39m]: MerkleTreeService initialized successfully
2025-06-27T05:47:24.016Z [[32minfo[39m]: Initializing EventIndexer...
2025-06-27T05:47:24.038Z [[32minfo[39m]: Finding contract creation block...
2025-06-27T05:47:24.111Z [[32minfo[39m]: Contract created at block 27
2025-06-27T05:47:24.111Z [[32minfo[39m]: Starting to index events from block 27...
2025-06-27T05:47:24.112Z [[32minfo[39m]: Indexing events from block 27 to 27...
2025-06-27T05:47:24.124Z [[32minfo[39m]: Found 0 leaf insertion events
2025-06-27T05:47:24.124Z [[32minfo[39m]: Historical event indexing complete
2025-06-27T05:47:24.125Z [[32minfo[39m]: Setting up real-time event listener...
2025-06-27T05:47:24.125Z [[32minfo[39m]: EventIndexer initialized successfully
2025-06-27T05:47:24.126Z [[32minfo[39m]: Server running on port 3001
2025-06-27T05:47:24.126Z [[32minfo[39m]: Health check: http://localhost:3001/health
2025-06-27T05:47:24.126Z [[32minfo[39m]: Merkle API: http://localhost:3001/api/merkle
2025-06-27T05:47:50.625Z [[32minfo[39m]: Served Merkle tree with 0 leaves
2025-06-27T05:47:52.509Z [[32minfo[39m]: Served Merkle tree with 0 leaves
2025-06-27T05:47:54.307Z [[32minfo[39m]: Served Merkle tree with 0 leaves
2025-06-27T05:48:01.263Z [[32minfo[39m]: Shutting down gracefully...
2025-06-27T05:48:03.332Z [[32minfo[39m]: Starting CipherPay Backend...
2025-06-27T05:48:03.333Z [[32minfo[39m]: Initializing MerkleTreeService...
2025-06-27T05:48:03.536Z [[32minfo[39m]: Computed zero hashes for levels 0-30
2025-06-27T05:48:03.536Z [[32minfo[39m]: MerkleTreeService initialized successfully
2025-06-27T05:48:03.538Z [[32minfo[39m]: Initializing EventIndexer...
2025-06-27T05:48:03.560Z [[32minfo[39m]: Finding contract creation block...
2025-06-27T05:48:03.633Z [[32minfo[39m]: Contract created at block 27
2025-06-27T05:48:03.633Z [[32minfo[39m]: Starting to index events from block 27...
2025-06-27T05:48:03.633Z [[32minfo[39m]: Indexing events from block 27 to 28...
2025-06-27T05:48:03.648Z [[32minfo[39m]: Found 1 leaf insertion events
2025-06-27T05:48:29.589Z [[32minfo[39m]: Starting CipherPay Backend...
2025-06-27T05:48:29.591Z [[32minfo[39m]: Initializing MerkleTreeService...
2025-06-27T05:48:29.802Z [[32minfo[39m]: Computed zero hashes for levels 0-30
2025-06-27T05:48:29.802Z [[32minfo[39m]: MerkleTreeService initialized successfully
2025-06-27T05:48:29.805Z [[32minfo[39m]: Initializing EventIndexer...
2025-06-27T05:48:29.827Z [[32minfo[39m]: Finding contract creation block...
2025-06-27T05:48:29.899Z [[32minfo[39m]: Contract created at block 27
2025-06-27T05:48:29.900Z [[32minfo[39m]: Starting to index events from block 27...
2025-06-27T05:48:29.900Z [[32minfo[39m]: Indexing events from block 27 to 28...
2025-06-27T05:48:29.914Z [[32minfo[39m]: Found 1 leaf insertion events
2025-06-27T05:48:36.958Z [[32minfo[39m]: Starting CipherPay Backend...
2025-06-27T05:48:36.959Z [[32minfo[39m]: Initializing MerkleTreeService...
2025-06-27T05:48:37.167Z [[32minfo[39m]: Computed zero hashes for levels 0-30
2025-06-27T05:48:37.167Z [[32minfo[39m]: MerkleTreeService initialized successfully
2025-06-27T05:48:37.169Z [[32minfo[39m]: Initializing EventIndexer...
2025-06-27T05:48:37.192Z [[32minfo[39m]: Finding contract creation block...
2025-06-27T05:48:37.267Z [[32minfo[39m]: Contract created at block 27
2025-06-27T05:48:37.267Z [[32minfo[39m]: Starting to index events from block 27...
2025-06-27T05:48:37.267Z [[32minfo[39m]: Indexing events from block 27 to 28...
2025-06-27T05:48:37.281Z [[32minfo[39m]: Found 1 leaf insertion events
2025-06-27T05:50:55.260Z [[32minfo[39m]: Starting CipherPay Backend...
2025-06-27T05:50:55.261Z [[32minfo[39m]: Initializing MerkleTreeService...
2025-06-27T05:50:55.494Z [[32minfo[39m]: Computed zero hashes for levels 0-30
2025-06-27T05:50:55.494Z [[32minfo[39m]: MerkleTreeService initialized successfully
2025-06-27T05:50:55.497Z [[32minfo[39m]: Initializing EventIndexer...
2025-06-27T05:50:55.520Z [[32minfo[39m]: Finding contract creation block...
2025-06-27T05:50:56.726Z [[32minfo[39m]: Starting CipherPay Backend...
2025-06-27T05:50:56.727Z [[32minfo[39m]: Initializing MerkleTreeService...
2025-06-27T05:50:56.926Z [[32minfo[39m]: Computed zero hashes for levels 0-30
2025-06-27T05:50:56.927Z [[32minfo[39m]: MerkleTreeService initialized successfully
2025-06-27T05:50:56.929Z [[32minfo[39m]: Initializing EventIndexer...
2025-06-27T05:50:56.952Z [[32minfo[39m]: Finding contract creation block...
2025-06-27T05:50:57.023Z [[32minfo[39m]: Contract created at block 27
2025-06-27T05:50:57.023Z [[32minfo[39m]: Starting to index events from block 27...
2025-06-27T05:50:57.024Z [[32minfo[39m]: Indexing events from block 27 to 28...
2025-06-27T05:50:57.037Z [[32minfo[39m]: Found 1 leaf insertion events
2025-06-27T05:50:57.042Z [[32minfo[39m]: Processing leaf insertion: leafIndex=0, leaf=11061604030246263906334285566705042026886628207002957314320310873338893911424, newRoot=21141207245873487208876935027456598141633185418334516876347810287994794212121
2025-06-27T05:50:57.044Z [[32minfo[39m]: Added leaf at index 0: 11061604030246263906334285566705042026886628207002957314320310873338893911424
2025-06-27T05:50:57.044Z [[32minfo[39m]: Historical event indexing complete
2025-06-27T05:50:57.044Z [[32minfo[39m]: Setting up real-time event listener...
2025-06-27T05:50:57.044Z [[32minfo[39m]: EventIndexer initialized successfully
2025-06-27T05:50:57.046Z [[32minfo[39m]: Server running on port 3001
2025-06-27T05:50:57.046Z [[32minfo[39m]: Health check: http://localhost:3001/health
2025-06-27T05:50:57.046Z [[32minfo[39m]: Merkle API: http://localhost:3001/api/merkle
2025-06-27T05:50:59.537Z [[32minfo[39m]: Starting CipherPay Backend...
2025-06-27T05:50:59.539Z [[32minfo[39m]: Initializing MerkleTreeService...
2025-06-27T05:50:59.747Z [[32minfo[39m]: Computed zero hashes for levels 0-30
2025-06-27T05:50:59.747Z [[32minfo[39m]: MerkleTreeService initialized successfully
2025-06-27T05:50:59.750Z [[32minfo[39m]: Initializing EventIndexer...
2025-06-27T05:50:59.772Z [[32minfo[39m]: Finding contract creation block...
2025-06-27T05:50:59.845Z [[32minfo[39m]: Contract created at block 27
2025-06-27T05:50:59.846Z [[32minfo[39m]: Starting to index events from block 27...
2025-06-27T05:50:59.846Z [[32minfo[39m]: Indexing events from block 27 to 28...
2025-06-27T05:50:59.863Z [[32minfo[39m]: Found 1 leaf insertion events
2025-06-27T05:50:59.869Z [[32minfo[39m]: Processing leaf insertion: leafIndex=0, leaf=11061604030246263906334285566705042026886628207002957314320310873338893911424, newRoot=21141207245873487208876935027456598141633185418334516876347810287994794212121
2025-06-27T05:50:59.871Z [[32minfo[39m]: Added leaf at index 0: 11061604030246263906334285566705042026886628207002957314320310873338893911424
2025-06-27T05:50:59.871Z [[32minfo[39m]: Historical event indexing complete
2025-06-27T05:50:59.872Z [[32minfo[39m]: Setting up real-time event listener...
2025-06-27T05:50:59.872Z [[32minfo[39m]: EventIndexer initialized successfully
2025-06-27T05:50:59.873Z [[32minfo[39m]: Server running on port 3001
2025-06-27T05:50:59.873Z [[32minfo[39m]: Health check: http://localhost:3001/health
2025-06-27T05:50:59.874Z [[32minfo[39m]: Merkle API: http://localhost:3001/api/merkle
2025-06-27T05:51:19.385Z [[32minfo[39m]: Starting CipherPay Backend...
2025-06-27T05:51:19.386Z [[32minfo[39m]: Initializing MerkleTreeService...
2025-06-27T05:51:19.584Z [[32minfo[39m]: Computed zero hashes for levels 0-30
2025-06-27T05:51:19.585Z [[32minfo[39m]: MerkleTreeService initialized successfully
2025-06-27T05:51:19.587Z [[32minfo[39m]: Initializing EventIndexer...
2025-06-27T05:51:19.610Z [[32minfo[39m]: Finding contract creation block...
2025-06-27T05:51:19.682Z [[32minfo[39m]: Contract created at block 27
2025-06-27T05:51:19.682Z [[32minfo[39m]: Starting to index events from block 27...
2025-06-27T05:51:19.683Z [[32minfo[39m]: Indexing events from block 27 to 28...
2025-06-27T05:51:19.696Z [[32minfo[39m]: Found 1 leaf insertion events
2025-06-27T05:51:19.697Z [[32minfo[39m]: Processing leaf insertion: leafIndex=0, leaf=11061604030246263906334285566705042026886628207002957314320310873338893911424, newRoot=21141207245873487208876935027456598141633185418334516876347810287994794212121
2025-06-27T05:51:19.699Z [[32minfo[39m]: Added leaf at index 0: 11061604030246263906334285566705042026886628207002957314320310873338893911424
2025-06-27T05:51:19.699Z [[32minfo[39m]: Historical event indexing complete
2025-06-27T05:51:19.699Z [[32minfo[39m]: Setting up real-time event listener...
2025-06-27T05:51:19.700Z [[32minfo[39m]: EventIndexer initialized successfully
2025-06-27T05:51:19.701Z [[32minfo[39m]: Server running on port 3001
2025-06-27T05:51:19.701Z [[32minfo[39m]: Health check: http://localhost:3001/health
2025-06-27T05:51:19.701Z [[32minfo[39m]: Merkle API: http://localhost:3001/api/merkle
2025-06-27T05:56:22.995Z [[32minfo[39m]: Starting CipherPay Backend...
2025-06-27T05:56:22.997Z [[32minfo[39m]: Initializing MerkleTreeService...
2025-06-27T05:56:23.211Z [[32minfo[39m]: Computed zero hashes for levels 0-30
2025-06-27T05:56:23.211Z [[32minfo[39m]: MerkleTreeService initialized successfully
2025-06-27T05:56:23.213Z [[32minfo[39m]: Initializing EventIndexer...
2025-06-27T05:56:23.235Z [[32minfo[39m]: Finding contract creation block...
2025-06-27T05:56:23.309Z [[32minfo[39m]: Contract created at block 27
2025-06-27T05:56:23.309Z [[32minfo[39m]: Starting to index events from block 27...
2025-06-27T05:56:23.310Z [[32minfo[39m]: Indexing events from block 27 to 29...
2025-06-27T05:56:23.324Z [[32minfo[39m]: Found 2 leaf insertion events
2025-06-27T05:56:23.325Z [[32minfo[39m]: Processing leaf insertion: leafIndex=0, leaf=11061604030246263906334285566705042026886628207002957314320310873338893911424, newRoot=21141207245873487208876935027456598141633185418334516876347810287994794212121
2025-06-27T05:56:23.327Z [[32minfo[39m]: Added leaf at index 0: 11061604030246263906334285566705042026886628207002957314320310873338893911424
2025-06-27T05:56:23.327Z [[32minfo[39m]: Processing leaf insertion: leafIndex=1, leaf=14974737303572689894325357499913588908515419159672217727531728141843360099042, newRoot=778101781008267342831263649935262875057717978005917814415231383419599690840
2025-06-27T05:56:23.329Z [[32minfo[39m]: Added leaf at index 1: 14974737303572689894325357499913588908515419159672217727531728141843360099042
2025-06-27T05:56:23.329Z [[32minfo[39m]: Historical event indexing complete
2025-06-27T05:56:23.329Z [[32minfo[39m]: Setting up real-time event listener...
2025-06-27T05:56:23.329Z [[32minfo[39m]: EventIndexer initialized successfully
2025-06-27T05:56:23.331Z [[32minfo[39m]: Server running on port 3001
2025-06-27T05:56:23.331Z [[32minfo[39m]: Health check: http://localhost:3001/health
2025-06-27T05:56:23.331Z [[32minfo[39m]: Merkle API: http://localhost:3001/api/merkle
2025-06-27T05:56:46.606Z [[32minfo[39m]: Starting CipherPay Backend...
2025-06-27T05:56:46.607Z [[32minfo[39m]: Initializing MerkleTreeService...
2025-06-27T05:56:46.798Z [[32minfo[39m]: Computed zero hashes for levels 0-30
2025-06-27T05:56:46.798Z [[32minfo[39m]: MerkleTreeService initialized successfully
2025-06-27T05:56:46.801Z [[32minfo[39m]: Initializing EventIndexer...
2025-06-27T05:56:46.824Z [[32minfo[39m]: Finding contract creation block...
2025-06-27T05:56:46.898Z [[32minfo[39m]: Contract created at block 27
2025-06-27T05:56:46.899Z [[32minfo[39m]: Starting to index events from block 27...
2025-06-27T05:56:46.899Z [[32minfo[39m]: Indexing events from block 27 to 29...
2025-06-27T05:56:46.915Z [[32minfo[39m]: Found 2 leaf insertion events
2025-06-27T05:56:46.916Z [[32minfo[39m]: Processing leaf insertion: leafIndex=0, leaf=11061604030246263906334285566705042026886628207002957314320310873338893911424, newRoot=21141207245873487208876935027456598141633185418334516876347810287994794212121
2025-06-27T05:56:46.917Z [[32minfo[39m]: Added leaf at index 0: 11061604030246263906334285566705042026886628207002957314320310873338893911424
2025-06-27T05:56:46.918Z [[32minfo[39m]: Processing leaf insertion: leafIndex=1, leaf=14974737303572689894325357499913588908515419159672217727531728141843360099042, newRoot=778101781008267342831263649935262875057717978005917814415231383419599690840
2025-06-27T05:56:46.919Z [[32minfo[39m]: Added leaf at index 1: 14974737303572689894325357499913588908515419159672217727531728141843360099042
2025-06-27T05:56:46.919Z [[32minfo[39m]: Historical event indexing complete
2025-06-27T05:56:46.919Z [[32minfo[39m]: Setting up real-time event listener...
2025-06-27T05:56:46.920Z [[32minfo[39m]: EventIndexer initialized successfully
2025-06-27T05:56:46.921Z [[32minfo[39m]: Server running on port 3001
2025-06-27T05:56:46.921Z [[32minfo[39m]: Health check: http://localhost:3001/health
2025-06-27T05:56:46.921Z [[32minfo[39m]: Merkle API: http://localhost:3001/api/merkle
2025-06-27T05:58:13.702Z [[32minfo[39m]: Starting CipherPay Backend...
2025-06-27T05:58:13.704Z [[32minfo[39m]: Initializing MerkleTreeService...
2025-06-27T05:58:13.919Z [[32minfo[39m]: Computed zero hashes for levels 0-30
2025-06-27T05:58:13.920Z [[32minfo[39m]: MerkleTreeService initialized successfully
2025-06-27T05:58:13.922Z [[32minfo[39m]: Initializing EventIndexer...
2025-06-27T05:58:13.946Z [[32minfo[39m]: Finding contract creation block...
2025-06-27T05:58:14.019Z [[32minfo[39m]: Contract created at block 27
2025-06-27T05:58:14.020Z [[32minfo[39m]: Starting to index events from block 27...
2025-06-27T05:58:14.020Z [[32minfo[39m]: Indexing events from block 27 to 30...
2025-06-27T05:58:14.035Z [[32minfo[39m]: Found 3 leaf insertion events
2025-06-27T05:58:14.036Z [[32minfo[39m]: Processing leaf insertion: leafIndex=0, leaf=11061604030246263906334285566705042026886628207002957314320310873338893911424, newRoot=21141207245873487208876935027456598141633185418334516876347810287994794212121
2025-06-27T05:58:14.037Z [[32minfo[39m]: Added leaf at index 0: 11061604030246263906334285566705042026886628207002957314320310873338893911424
2025-06-27T05:58:14.038Z [[32minfo[39m]: Processing leaf insertion: leafIndex=1, leaf=14974737303572689894325357499913588908515419159672217727531728141843360099042, newRoot=778101781008267342831263649935262875057717978005917814415231383419599690840
2025-06-27T05:58:14.039Z [[32minfo[39m]: Added leaf at index 1: 14974737303572689894325357499913588908515419159672217727531728141843360099042
2025-06-27T05:58:14.040Z [[32minfo[39m]: Processing leaf insertion: leafIndex=2, leaf=12611811657471532518357292655979656662407672605559237921981760516835236820027, newRoot=19548696617287492254227545436453230982520746517879888410081559846683075044520
2025-06-27T05:58:14.041Z [[32minfo[39m]: Added leaf at index 2: 12611811657471532518357292655979656662407672605559237921981760516835236820027
2025-06-27T05:58:14.041Z [[32minfo[39m]: Historical event indexing complete
2025-06-27T05:58:14.041Z [[32minfo[39m]: Setting up real-time event listener...
2025-06-27T05:58:14.042Z [[32minfo[39m]: EventIndexer initialized successfully
2025-06-27T05:58:14.043Z [[32minfo[39m]: Server running on port 3001
2025-06-27T05:58:14.043Z [[32minfo[39m]: Health check: http://localhost:3001/health
2025-06-27T05:58:14.043Z [[32minfo[39m]: Merkle API: http://localhost:3001/api/merkle
2025-06-27T06:00:20.303Z [[32minfo[39m]: Shutting down gracefully...
2025-06-27T06:00:23.181Z [[32minfo[39m]: Starting CipherPay Backend...
2025-06-27T06:00:23.182Z [[32minfo[39m]: Initializing MerkleTreeService...
2025-06-27T06:00:23.391Z [[32minfo[39m]: Computed zero hashes for levels 0-30
2025-06-27T06:00:23.391Z [[32minfo[39m]: MerkleTreeService initialized successfully
2025-06-27T06:00:23.394Z [[32minfo[39m]: Initializing EventIndexer...
2025-06-27T06:00:23.415Z [[32minfo[39m]: Finding contract creation block...
2025-06-27T06:00:23.489Z [[32minfo[39m]: Contract created at block 27
2025-06-27T06:00:23.489Z [[32minfo[39m]: Starting to index events from block 27...
2025-06-27T06:00:23.490Z [[32minfo[39m]: Indexing events from block 27 to 31...
2025-06-27T06:00:23.505Z [[32minfo[39m]: Found 4 leaf insertion events
2025-06-27T06:00:23.506Z [[32minfo[39m]: Processing leaf insertion: leafIndex=0, leaf=11061604030246263906334285566705042026886628207002957314320310873338893911424, newRoot=21141207245873487208876935027456598141633185418334516876347810287994794212121
2025-06-27T06:00:23.507Z [[32minfo[39m]: Added leaf at index 0: 11061604030246263906334285566705042026886628207002957314320310873338893911424
2025-06-27T06:00:23.508Z [[32minfo[39m]: Processing leaf insertion: leafIndex=1, leaf=14974737303572689894325357499913588908515419159672217727531728141843360099042, newRoot=778101781008267342831263649935262875057717978005917814415231383419599690840
2025-06-27T06:00:23.509Z [[32minfo[39m]: Added leaf at index 1: 14974737303572689894325357499913588908515419159672217727531728141843360099042
2025-06-27T06:00:23.510Z [[32minfo[39m]: Processing leaf insertion: leafIndex=2, leaf=12611811657471532518357292655979656662407672605559237921981760516835236820027, newRoot=19548696617287492254227545436453230982520746517879888410081559846683075044520
2025-06-27T06:00:23.511Z [[32minfo[39m]: Added leaf at index 2: 12611811657471532518357292655979656662407672605559237921981760516835236820027
2025-06-27T06:00:23.511Z [[32minfo[39m]: Processing leaf insertion: leafIndex=3, leaf=12690048037987204264987885754931962670285909987118782416566270612887819376645, newRoot=2769782935438232410715281093590108905006237646998798914529003328670135839282
2025-06-27T06:00:23.513Z [[32minfo[39m]: Added leaf at index 3: 12690048037987204264987885754931962670285909987118782416566270612887819376645
2025-06-27T06:00:23.513Z [[32minfo[39m]: Historical event indexing complete
2025-06-27T06:00:23.513Z [[32minfo[39m]: Setting up real-time event listener...
2025-06-27T06:00:23.513Z [[32minfo[39m]: EventIndexer initialized successfully
2025-06-27T06:00:23.515Z [[32minfo[39m]: Server running on port 3001
2025-06-27T06:00:23.515Z [[32minfo[39m]: Health check: http://localhost:3001/health
2025-06-27T06:00:23.515Z [[32minfo[39m]: Merkle API: http://localhost:3001/api/merkle
2025-06-27T06:05:36.168Z [[32minfo[39m]: Starting CipherPay Backend...
2025-06-27T06:05:36.169Z [[32minfo[39m]: Initializing MerkleTreeService...
2025-06-27T06:05:36.399Z [[32minfo[39m]: Computed zero hashes for levels 0-30
2025-06-27T06:05:36.399Z [[32minfo[39m]: MerkleTreeService initialized successfully
2025-06-27T06:05:36.402Z [[32minfo[39m]: Initializing EventIndexer...
2025-06-27T06:05:36.426Z [[32minfo[39m]: Finding contract creation block...
2025-06-27T06:05:36.500Z [[32minfo[39m]: Contract created at block 27
2025-06-27T06:05:36.501Z [[32minfo[39m]: Starting to index events from block 27...
2025-06-27T06:05:36.501Z [[32minfo[39m]: Indexing events from block 27 to 31...
2025-06-27T06:05:36.516Z [[32minfo[39m]: Found 4 leaf insertion events
2025-06-27T06:05:36.517Z [[32minfo[39m]: Processing leaf insertion: leafIndex=0, leaf=11061604030246263906334285566705042026886628207002957314320310873338893911424, newRoot=21141207245873487208876935027456598141633185418334516876347810287994794212121
2025-06-27T06:05:36.518Z [[32minfo[39m]: Added leaf at index 0: 11061604030246263906334285566705042026886628207002957314320310873338893911424
2025-06-27T06:05:36.519Z [[32minfo[39m]: Processing leaf insertion: leafIndex=1, leaf=14974737303572689894325357499913588908515419159672217727531728141843360099042, newRoot=778101781008267342831263649935262875057717978005917814415231383419599690840
2025-06-27T06:05:36.520Z [[32minfo[39m]: Added leaf at index 1: 14974737303572689894325357499913588908515419159672217727531728141843360099042
2025-06-27T06:05:36.521Z [[32minfo[39m]: Processing leaf insertion: leafIndex=2, leaf=12611811657471532518357292655979656662407672605559237921981760516835236820027, newRoot=19548696617287492254227545436453230982520746517879888410081559846683075044520
2025-06-27T06:05:36.522Z [[32minfo[39m]: Added leaf at index 2: 12611811657471532518357292655979656662407672605559237921981760516835236820027
2025-06-27T06:05:36.522Z [[32minfo[39m]: Processing leaf insertion: leafIndex=3, leaf=12690048037987204264987885754931962670285909987118782416566270612887819376645, newRoot=2769782935438232410715281093590108905006237646998798914529003328670135839282
2025-06-27T06:05:36.524Z [[32minfo[39m]: Added leaf at index 3: 12690048037987204264987885754931962670285909987118782416566270612887819376645
2025-06-27T06:05:36.524Z [[32minfo[39m]: Historical event indexing complete
2025-06-27T06:05:36.524Z [[32minfo[39m]: Setting up real-time event listener...
2025-06-27T06:05:36.525Z [[32minfo[39m]: EventIndexer initialized successfully
2025-06-27T06:05:36.526Z [[32minfo[39m]: Server running on port 3001
2025-06-27T06:05:36.526Z [[32minfo[39m]: Health check: http://localhost:3001/health
2025-06-27T06:05:36.527Z [[32minfo[39m]: Merkle API: http://localhost:3001/api/merkle
2025-06-27T06:05:58.816Z [[32minfo[39m]: Served 4 leaves
2025-06-27T06:05:58.819Z [[31merror[39m]: TypeError: Do not know how to serialize a BigInt
    at JSON.stringify (<anonymous>)
    at stringify (/home/dimaranti/work/private_mixer/backend/node_modules/express/lib/response.js:1020:12)
    at ServerResponse.json (/home/dimaranti/work/private_mixer/backend/node_modules/express/lib/response.js:243:14)
    at /home/dimaranti/work/private_mixer/backend/src/routes/merkle.ts:36:9
    at Layer.handleRequest (/home/dimaranti/work/private_mixer/backend/node_modules/router/lib/layer.js:152:17)
    at next (/home/dimaranti/work/private_mixer/backend/node_modules/router/lib/route.js:157:13)
    at Route.dispatch (/home/dimaranti/work/private_mixer/backend/node_modules/router/lib/route.js:117:3)
    at handle (/home/dimaranti/work/private_mixer/backend/node_modules/router/index.js:435:11)
    at Layer.handleRequest (/home/dimaranti/work/private_mixer/backend/node_modules/router/lib/layer.js:152:17)
    at /home/dimaranti/work/private_mixer/backend/node_modules/router/index.js:295:15
2025-06-27T06:09:15.282Z [[32minfo[39m]: Starting CipherPay Backend...
2025-06-27T06:09:15.283Z [[32minfo[39m]: Initializing MerkleTreeService...
2025-06-27T06:09:15.502Z [[32minfo[39m]: Computed zero hashes for levels 0-30
2025-06-27T06:09:15.502Z [[32minfo[39m]: MerkleTreeService initialized successfully
2025-06-27T06:09:15.504Z [[32minfo[39m]: Initializing EventIndexer...
2025-06-27T06:09:15.529Z [[32minfo[39m]: Finding contract creation block...
2025-06-27T06:09:15.603Z [[32minfo[39m]: Contract created at block 27
2025-06-27T06:09:15.604Z [[32minfo[39m]: Starting to index events from block 27...
2025-06-27T06:09:15.604Z [[32minfo[39m]: Indexing events from block 27 to 32...
2025-06-27T06:09:15.620Z [[32minfo[39m]: Found 5 leaf insertion events
2025-06-27T06:09:15.621Z [[32minfo[39m]: Processing leaf insertion: leafIndex=0, leaf=11061604030246263906334285566705042026886628207002957314320310873338893911424, newRoot=21141207245873487208876935027456598141633185418334516876347810287994794212121
2025-06-27T06:09:15.623Z [[32minfo[39m]: Added leaf at index 0: 11061604030246263906334285566705042026886628207002957314320310873338893911424
2025-06-27T06:09:15.624Z [[32minfo[39m]: Processing leaf insertion: leafIndex=1, leaf=14974737303572689894325357499913588908515419159672217727531728141843360099042, newRoot=778101781008267342831263649935262875057717978005917814415231383419599690840
2025-06-27T06:09:15.625Z [[32minfo[39m]: Added leaf at index 1: 14974737303572689894325357499913588908515419159672217727531728141843360099042
2025-06-27T06:09:15.625Z [[32minfo[39m]: Processing leaf insertion: leafIndex=2, leaf=12611811657471532518357292655979656662407672605559237921981760516835236820027, newRoot=19548696617287492254227545436453230982520746517879888410081559846683075044520
2025-06-27T06:09:15.628Z [[32minfo[39m]: Added leaf at index 2: 12611811657471532518357292655979656662407672605559237921981760516835236820027
2025-06-27T06:09:15.628Z [[32minfo[39m]: Processing leaf insertion: leafIndex=3, leaf=12690048037987204264987885754931962670285909987118782416566270612887819376645, newRoot=2769782935438232410715281093590108905006237646998798914529003328670135839282
2025-06-27T06:09:15.630Z [[32minfo[39m]: Added leaf at index 3: 12690048037987204264987885754931962670285909987118782416566270612887819376645
2025-06-27T06:09:15.630Z [[32minfo[39m]: Processing leaf insertion: leafIndex=4, leaf=20040050346449554123680617461720726932221521550789697753478055102143432524370, newRoot=3909787086204257220487425794382092826034814830486468990725171526966838068490
2025-06-27T06:09:15.631Z [[32minfo[39m]: Added leaf at index 4: 20040050346449554123680617461720726932221521550789697753478055102143432524370
2025-06-27T06:09:15.632Z [[32minfo[39m]: Historical event indexing complete
2025-06-27T06:09:15.632Z [[32minfo[39m]: Setting up real-time event listener...
2025-06-27T06:09:15.632Z [[32minfo[39m]: EventIndexer initialized successfully
2025-06-27T06:09:15.634Z [[32minfo[39m]: Server running on port 3001
2025-06-27T06:09:15.634Z [[32minfo[39m]: Health check: http://localhost:3001/health
2025-06-27T06:09:15.634Z [[32minfo[39m]: Merkle API: http://localhost:3001/api/merkle
2025-06-27T07:45:49.673Z [[32minfo[39m]: Starting CipherPay Backend...
2025-06-27T07:45:49.674Z [[32minfo[39m]: Initializing MerkleTreeService...
2025-06-27T07:45:49.969Z [[32minfo[39m]: Computed zero hashes for levels 0-30
2025-06-27T07:45:49.970Z [[32minfo[39m]: MerkleTreeService initialized successfully
2025-06-27T07:45:49.973Z [[32minfo[39m]: Initializing EventIndexer...
2025-06-27T07:45:50.009Z [[32minfo[39m]: Finding contract creation block...
2025-06-27T07:45:50.094Z [[32minfo[39m]: Contract created at block 27
2025-06-27T07:45:50.095Z [[32minfo[39m]: Starting to index events from block 27...
2025-06-27T07:45:50.095Z [[32minfo[39m]: Indexing events from block 27 to 33...
2025-06-27T07:45:50.114Z [[32minfo[39m]: Found 6 leaf insertion events
2025-06-27T07:45:50.115Z [[32minfo[39m]: Processing leaf insertion: leafIndex=0, leaf=11061604030246263906334285566705042026886628207002957314320310873338893911424, newRoot=21141207245873487208876935027456598141633185418334516876347810287994794212121
2025-06-27T07:45:50.117Z [[32minfo[39m]: Added leaf at index 0: 11061604030246263906334285566705042026886628207002957314320310873338893911424
2025-06-27T07:45:50.118Z [[32minfo[39m]: Processing leaf insertion: leafIndex=1, leaf=14974737303572689894325357499913588908515419159672217727531728141843360099042, newRoot=778101781008267342831263649935262875057717978005917814415231383419599690840
2025-06-27T07:45:50.119Z [[32minfo[39m]: Added leaf at index 1: 14974737303572689894325357499913588908515419159672217727531728141843360099042
2025-06-27T07:45:50.120Z [[32minfo[39m]: Processing leaf insertion: leafIndex=2, leaf=12611811657471532518357292655979656662407672605559237921981760516835236820027, newRoot=19548696617287492254227545436453230982520746517879888410081559846683075044520
2025-06-27T07:45:50.121Z [[32minfo[39m]: Added leaf at index 2: 12611811657471532518357292655979656662407672605559237921981760516835236820027
2025-06-27T07:45:50.122Z [[32minfo[39m]: Processing leaf insertion: leafIndex=3, leaf=12690048037987204264987885754931962670285909987118782416566270612887819376645, newRoot=2769782935438232410715281093590108905006237646998798914529003328670135839282
2025-06-27T07:45:50.123Z [[32minfo[39m]: Added leaf at index 3: 12690048037987204264987885754931962670285909987118782416566270612887819376645
2025-06-27T07:45:50.124Z [[32minfo[39m]: Processing leaf insertion: leafIndex=4, leaf=20040050346449554123680617461720726932221521550789697753478055102143432524370, newRoot=3909787086204257220487425794382092826034814830486468990725171526966838068490
2025-06-27T07:45:50.125Z [[32minfo[39m]: Added leaf at index 4: 20040050346449554123680617461720726932221521550789697753478055102143432524370
2025-06-27T07:45:50.126Z [[32minfo[39m]: Processing leaf insertion: leafIndex=5, leaf=13046571031248782299255773605459883522881133960333575606118411366060234619493, newRoot=8000757062396422648887996961014419665850755398015224709883833561204496366841
2025-06-27T07:45:50.127Z [[32minfo[39m]: Added leaf at index 5: 13046571031248782299255773605459883522881133960333575606118411366060234619493
2025-06-27T07:45:50.127Z [[32minfo[39m]: Historical event indexing complete
2025-06-27T07:45:50.127Z [[32minfo[39m]: Setting up real-time event listener...
2025-06-27T07:45:50.128Z [[32minfo[39m]: EventIndexer initialized successfully
2025-06-27T07:45:50.130Z [[32minfo[39m]: Server running on port 3001
2025-06-27T07:45:50.130Z [[32minfo[39m]: Health check: http://localhost:3001/health
2025-06-27T07:45:50.130Z [[32minfo[39m]: Merkle API: http://localhost:3001/api/merkle
2025-06-27T07:48:59.718Z [[32minfo[39m]: Starting CipherPay Backend...
2025-06-27T07:48:59.719Z [[32minfo[39m]: Initializing MerkleTreeService...
2025-06-27T07:49:00.115Z [[32minfo[39m]: Computed zero hashes for levels 0-30
2025-06-27T07:49:00.116Z [[32minfo[39m]: MerkleTreeService initialized successfully
2025-06-27T07:49:00.121Z [[32minfo[39m]: Initializing EventIndexer...
2025-06-27T07:49:00.157Z [[32minfo[39m]: Finding contract creation block...
2025-06-27T07:49:00.252Z [[32minfo[39m]: Contract created at block 27
2025-06-27T07:49:00.253Z [[32minfo[39m]: Starting to index events from block 27...
2025-06-27T07:49:00.253Z [[32minfo[39m]: Indexing events from block 27 to 34...
2025-06-27T07:49:00.273Z [[32minfo[39m]: Found 7 leaf insertion events
2025-06-27T07:49:00.276Z [[32minfo[39m]: Processing leaf insertion: leafIndex=0, leaf=11061604030246263906334285566705042026886628207002957314320310873338893911424, newRoot=21141207245873487208876935027456598141633185418334516876347810287994794212121
2025-06-27T07:49:00.278Z [[32minfo[39m]: Added leaf at index 0: 11061604030246263906334285566705042026886628207002957314320310873338893911424
2025-06-27T07:49:00.280Z [[32minfo[39m]: Processing leaf insertion: leafIndex=1, leaf=14974737303572689894325357499913588908515419159672217727531728141843360099042, newRoot=778101781008267342831263649935262875057717978005917814415231383419599690840
2025-06-27T07:49:00.282Z [[32minfo[39m]: Added leaf at index 1: 14974737303572689894325357499913588908515419159672217727531728141843360099042
2025-06-27T07:49:00.282Z [[32minfo[39m]: Processing leaf insertion: leafIndex=2, leaf=12611811657471532518357292655979656662407672605559237921981760516835236820027, newRoot=19548696617287492254227545436453230982520746517879888410081559846683075044520
2025-06-27T07:49:00.284Z [[32minfo[39m]: Added leaf at index 2: 12611811657471532518357292655979656662407672605559237921981760516835236820027
2025-06-27T07:49:00.284Z [[32minfo[39m]: Processing leaf insertion: leafIndex=3, leaf=12690048037987204264987885754931962670285909987118782416566270612887819376645, newRoot=2769782935438232410715281093590108905006237646998798914529003328670135839282
2025-06-27T07:49:00.286Z [[32minfo[39m]: Added leaf at index 3: 12690048037987204264987885754931962670285909987118782416566270612887819376645
2025-06-27T07:49:00.287Z [[32minfo[39m]: Processing leaf insertion: leafIndex=4, leaf=20040050346449554123680617461720726932221521550789697753478055102143432524370, newRoot=3909787086204257220487425794382092826034814830486468990725171526966838068490
2025-06-27T07:49:00.289Z [[32minfo[39m]: Added leaf at index 4: 20040050346449554123680617461720726932221521550789697753478055102143432524370
2025-06-27T07:49:00.290Z [[32minfo[39m]: Processing leaf insertion: leafIndex=5, leaf=13046571031248782299255773605459883522881133960333575606118411366060234619493, newRoot=8000757062396422648887996961014419665850755398015224709883833561204496366841
2025-06-27T07:49:00.291Z [[32minfo[39m]: Added leaf at index 5: 13046571031248782299255773605459883522881133960333575606118411366060234619493
2025-06-27T07:49:00.292Z [[32minfo[39m]: Processing leaf insertion: leafIndex=6, leaf=15385525972233820708243304170829537231030214474380833939708488820007711921862, newRoot=2585958976124600257657297621840052118689587228410109197400304568166111487434
2025-06-27T07:49:00.294Z [[32minfo[39m]: Added leaf at index 6: 15385525972233820708243304170829537231030214474380833939708488820007711921862
2025-06-27T07:49:00.294Z [[32minfo[39m]: Historical event indexing complete
2025-06-27T07:49:00.295Z [[32minfo[39m]: Setting up real-time event listener...
2025-06-27T07:49:00.295Z [[32minfo[39m]: EventIndexer initialized successfully
2025-06-27T07:49:00.298Z [[32minfo[39m]: Server running on port 3001
2025-06-27T07:49:00.298Z [[32minfo[39m]: Health check: http://localhost:3001/health
2025-06-27T07:49:00.298Z [[32minfo[39m]: Merkle API: http://localhost:3001/api/merkle
2025-06-27T07:49:09.070Z [[32minfo[39m]: Starting CipherPay Backend...
2025-06-27T07:49:09.071Z [[32minfo[39m]: Initializing MerkleTreeService...
2025-06-27T07:49:09.387Z [[32minfo[39m]: Computed zero hashes for levels 0-30
2025-06-27T07:49:09.387Z [[32minfo[39m]: MerkleTreeService initialized successfully
2025-06-27T07:49:09.391Z [[32minfo[39m]: Initializing EventIndexer...
2025-06-27T07:49:09.417Z [[32minfo[39m]: Finding contract creation block...
2025-06-27T07:49:09.502Z [[32minfo[39m]: Contract created at block 27
2025-06-27T07:49:09.502Z [[32minfo[39m]: Starting to index events from block 27...
2025-06-27T07:49:09.502Z [[32minfo[39m]: Indexing events from block 27 to 34...
2025-06-27T07:49:09.520Z [[32minfo[39m]: Found 7 leaf insertion events
2025-06-27T07:49:09.521Z [[32minfo[39m]: Processing leaf insertion: leafIndex=0, leaf=11061604030246263906334285566705042026886628207002957314320310873338893911424, newRoot=21141207245873487208876935027456598141633185418334516876347810287994794212121
2025-06-27T07:49:09.523Z [[32minfo[39m]: Added leaf at index 0: 11061604030246263906334285566705042026886628207002957314320310873338893911424
2025-06-27T07:49:09.524Z [[32minfo[39m]: Processing leaf insertion: leafIndex=1, leaf=14974737303572689894325357499913588908515419159672217727531728141843360099042, newRoot=778101781008267342831263649935262875057717978005917814415231383419599690840
2025-06-27T07:49:09.526Z [[32minfo[39m]: Added leaf at index 1: 14974737303572689894325357499913588908515419159672217727531728141843360099042
2025-06-27T07:49:09.526Z [[32minfo[39m]: Processing leaf insertion: leafIndex=2, leaf=12611811657471532518357292655979656662407672605559237921981760516835236820027, newRoot=19548696617287492254227545436453230982520746517879888410081559846683075044520
2025-06-27T07:49:09.528Z [[32minfo[39m]: Added leaf at index 2: 12611811657471532518357292655979656662407672605559237921981760516835236820027
2025-06-27T07:49:09.529Z [[32minfo[39m]: Processing leaf insertion: leafIndex=3, leaf=12690048037987204264987885754931962670285909987118782416566270612887819376645, newRoot=2769782935438232410715281093590108905006237646998798914529003328670135839282
2025-06-27T07:49:09.530Z [[32minfo[39m]: Added leaf at index 3: 12690048037987204264987885754931962670285909987118782416566270612887819376645
2025-06-27T07:49:09.531Z [[32minfo[39m]: Processing leaf insertion: leafIndex=4, leaf=20040050346449554123680617461720726932221521550789697753478055102143432524370, newRoot=3909787086204257220487425794382092826034814830486468990725171526966838068490
2025-06-27T07:49:09.532Z [[32minfo[39m]: Added leaf at index 4: 20040050346449554123680617461720726932221521550789697753478055102143432524370
2025-06-27T07:49:09.533Z [[32minfo[39m]: Processing leaf insertion: leafIndex=5, leaf=13046571031248782299255773605459883522881133960333575606118411366060234619493, newRoot=8000757062396422648887996961014419665850755398015224709883833561204496366841
2025-06-27T07:49:09.534Z [[32minfo[39m]: Added leaf at index 5: 13046571031248782299255773605459883522881133960333575606118411366060234619493
2025-06-27T07:49:09.535Z [[32minfo[39m]: Processing leaf insertion: leafIndex=6, leaf=15385525972233820708243304170829537231030214474380833939708488820007711921862, newRoot=2585958976124600257657297621840052118689587228410109197400304568166111487434
2025-06-27T07:49:09.536Z [[32minfo[39m]: Added leaf at index 6: 15385525972233820708243304170829537231030214474380833939708488820007711921862
2025-06-27T07:49:09.536Z [[32minfo[39m]: Historical event indexing complete
2025-06-27T07:49:09.537Z [[32minfo[39m]: Setting up real-time event listener...
2025-06-27T07:49:09.537Z [[32minfo[39m]: EventIndexer initialized successfully
2025-06-27T07:49:09.540Z [[32minfo[39m]: Server running on port 3001
2025-06-27T07:49:09.540Z [[32minfo[39m]: Health check: http://localhost:3001/health
2025-06-27T07:49:09.540Z [[32minfo[39m]: Merkle API: http://localhost:3001/api/merkle
2025-06-27T07:49:44.569Z [[32minfo[39m]: Starting CipherPay Backend...
2025-06-27T07:49:44.571Z [[32minfo[39m]: Initializing MerkleTreeService...
2025-06-27T07:49:44.856Z [[32minfo[39m]: Computed zero hashes for levels 0-30
2025-06-27T07:49:44.856Z [[32minfo[39m]: MerkleTreeService initialized successfully
2025-06-27T07:49:44.860Z [[32minfo[39m]: Initializing EventIndexer...
2025-06-27T07:49:44.885Z [[32minfo[39m]: Finding contract creation block...
2025-06-27T07:49:44.964Z [[32minfo[39m]: Contract created at block 27
2025-06-27T07:49:44.965Z [[32minfo[39m]: Starting to index events from block 27...
2025-06-27T07:49:44.965Z [[32minfo[39m]: Indexing events from block 27 to 34...
2025-06-27T07:49:44.984Z [[32minfo[39m]: Found 7 leaf insertion events
2025-06-27T07:49:44.985Z [[32minfo[39m]: Processing leaf insertion: leafIndex=0, leaf=11061604030246263906334285566705042026886628207002957314320310873338893911424, newRoot=21141207245873487208876935027456598141633185418334516876347810287994794212121
2025-06-27T07:49:44.988Z [[32minfo[39m]: Added leaf at index 0: 11061604030246263906334285566705042026886628207002957314320310873338893911424
2025-06-27T07:49:44.989Z [[32minfo[39m]: Processing leaf insertion: leafIndex=1, leaf=14974737303572689894325357499913588908515419159672217727531728141843360099042, newRoot=778101781008267342831263649935262875057717978005917814415231383419599690840
2025-06-27T07:49:44.990Z [[32minfo[39m]: Added leaf at index 1: 14974737303572689894325357499913588908515419159672217727531728141843360099042
2025-06-27T07:49:44.991Z [[32minfo[39m]: Processing leaf insertion: leafIndex=2, leaf=12611811657471532518357292655979656662407672605559237921981760516835236820027, newRoot=19548696617287492254227545436453230982520746517879888410081559846683075044520
2025-06-27T07:49:44.992Z [[32minfo[39m]: Added leaf at index 2: 12611811657471532518357292655979656662407672605559237921981760516835236820027
2025-06-27T07:49:44.993Z [[32minfo[39m]: Processing leaf insertion: leafIndex=3, leaf=12690048037987204264987885754931962670285909987118782416566270612887819376645, newRoot=2769782935438232410715281093590108905006237646998798914529003328670135839282
2025-06-27T07:49:44.994Z [[32minfo[39m]: Added leaf at index 3: 12690048037987204264987885754931962670285909987118782416566270612887819376645
2025-06-27T07:49:44.995Z [[32minfo[39m]: Processing leaf insertion: leafIndex=4, leaf=20040050346449554123680617461720726932221521550789697753478055102143432524370, newRoot=3909787086204257220487425794382092826034814830486468990725171526966838068490
2025-06-27T07:49:44.996Z [[32minfo[39m]: Added leaf at index 4: 20040050346449554123680617461720726932221521550789697753478055102143432524370
2025-06-27T07:49:44.996Z [[32minfo[39m]: Processing leaf insertion: leafIndex=5, leaf=13046571031248782299255773605459883522881133960333575606118411366060234619493, newRoot=8000757062396422648887996961014419665850755398015224709883833561204496366841
2025-06-27T07:49:44.998Z [[32minfo[39m]: Added leaf at index 5: 13046571031248782299255773605459883522881133960333575606118411366060234619493
2025-06-27T07:49:44.998Z [[32minfo[39m]: Processing leaf insertion: leafIndex=6, leaf=15385525972233820708243304170829537231030214474380833939708488820007711921862, newRoot=2585958976124600257657297621840052118689587228410109197400304568166111487434
2025-06-27T07:49:45.000Z [[32minfo[39m]: Added leaf at index 6: 15385525972233820708243304170829537231030214474380833939708488820007711921862
2025-06-27T07:49:45.000Z [[32minfo[39m]: Historical event indexing complete
2025-06-27T07:49:45.000Z [[32minfo[39m]: Setting up real-time event listener...
2025-06-27T07:49:45.001Z [[32minfo[39m]: EventIndexer initialized successfully
2025-06-27T07:49:45.003Z [[32minfo[39m]: Server running on port 3001
2025-06-27T07:49:45.003Z [[32minfo[39m]: Health check: http://localhost:3001/health
2025-06-27T07:49:45.004Z [[32minfo[39m]: Merkle API: http://localhost:3001/api/merkle
2025-06-27T07:49:51.874Z [[32minfo[39m]: Starting CipherPay Backend...
2025-06-27T07:49:51.876Z [[32minfo[39m]: Initializing MerkleTreeService...
2025-06-27T07:49:52.187Z [[32minfo[39m]: Computed zero hashes for levels 0-30
2025-06-27T07:49:52.188Z [[32minfo[39m]: MerkleTreeService initialized successfully
2025-06-27T07:49:52.192Z [[32minfo[39m]: Initializing EventIndexer...
2025-06-27T07:49:52.215Z [[32minfo[39m]: Finding contract creation block...
2025-06-27T07:49:52.301Z [[32minfo[39m]: Contract created at block 27
2025-06-27T07:49:52.301Z [[32minfo[39m]: Starting to index events from block 27...
2025-06-27T07:49:52.302Z [[32minfo[39m]: Indexing events from block 27 to 34...
2025-06-27T07:49:52.317Z [[32minfo[39m]: Found 7 leaf insertion events
2025-06-27T07:49:52.319Z [[32minfo[39m]: Processing leaf insertion: leafIndex=0, leaf=11061604030246263906334285566705042026886628207002957314320310873338893911424, newRoot=21141207245873487208876935027456598141633185418334516876347810287994794212121
2025-06-27T07:49:52.321Z [[32minfo[39m]: Added leaf at index 0: 11061604030246263906334285566705042026886628207002957314320310873338893911424
2025-06-27T07:49:52.321Z [[32minfo[39m]: Processing leaf insertion: leafIndex=1, leaf=14974737303572689894325357499913588908515419159672217727531728141843360099042, newRoot=778101781008267342831263649935262875057717978005917814415231383419599690840
2025-06-27T07:49:52.323Z [[32minfo[39m]: Added leaf at index 1: 14974737303572689894325357499913588908515419159672217727531728141843360099042
2025-06-27T07:49:52.323Z [[32minfo[39m]: Processing leaf insertion: leafIndex=2, leaf=12611811657471532518357292655979656662407672605559237921981760516835236820027, newRoot=19548696617287492254227545436453230982520746517879888410081559846683075044520
2025-06-27T07:49:52.325Z [[32minfo[39m]: Added leaf at index 2: 12611811657471532518357292655979656662407672605559237921981760516835236820027
2025-06-27T07:49:52.325Z [[32minfo[39m]: Processing leaf insertion: leafIndex=3, leaf=12690048037987204264987885754931962670285909987118782416566270612887819376645, newRoot=2769782935438232410715281093590108905006237646998798914529003328670135839282
2025-06-27T07:49:52.327Z [[32minfo[39m]: Added leaf at index 3: 12690048037987204264987885754931962670285909987118782416566270612887819376645
2025-06-27T07:49:52.327Z [[32minfo[39m]: Processing leaf insertion: leafIndex=4, leaf=20040050346449554123680617461720726932221521550789697753478055102143432524370, newRoot=3909787086204257220487425794382092826034814830486468990725171526966838068490
2025-06-27T07:49:52.329Z [[32minfo[39m]: Added leaf at index 4: 20040050346449554123680617461720726932221521550789697753478055102143432524370
2025-06-27T07:49:52.329Z [[32minfo[39m]: Processing leaf insertion: leafIndex=5, leaf=13046571031248782299255773605459883522881133960333575606118411366060234619493, newRoot=8000757062396422648887996961014419665850755398015224709883833561204496366841
2025-06-27T07:49:52.330Z [[32minfo[39m]: Added leaf at index 5: 13046571031248782299255773605459883522881133960333575606118411366060234619493
2025-06-27T07:49:52.331Z [[32minfo[39m]: Processing leaf insertion: leafIndex=6, leaf=15385525972233820708243304170829537231030214474380833939708488820007711921862, newRoot=2585958976124600257657297621840052118689587228410109197400304568166111487434
2025-06-27T07:49:52.332Z [[32minfo[39m]: Added leaf at index 6: 15385525972233820708243304170829537231030214474380833939708488820007711921862
2025-06-27T07:49:52.333Z [[32minfo[39m]: Historical event indexing complete
2025-06-27T07:49:52.333Z [[32minfo[39m]: Setting up real-time event listener...
2025-06-27T07:49:52.333Z [[32minfo[39m]: EventIndexer initialized successfully
2025-06-27T07:49:52.336Z [[32minfo[39m]: Server running on port 3001
2025-06-27T07:49:52.336Z [[32minfo[39m]: Health check: http://localhost:3001/health
2025-06-27T07:49:52.336Z [[32minfo[39m]: Merkle API: http://localhost:3001/api/merkle
2025-06-27T07:54:39.645Z [[32minfo[39m]: Starting CipherPay Backend...
2025-06-27T07:54:39.647Z [[32minfo[39m]: Initializing MerkleTreeService...
2025-06-27T07:54:39.947Z [[32minfo[39m]: Computed zero hashes for levels 0-30
2025-06-27T07:54:48.514Z [[32minfo[39m]: Starting CipherPay Backend...
2025-06-27T07:54:48.516Z [[32minfo[39m]: Initializing MerkleTreeService...
2025-06-27T07:54:48.837Z [[32minfo[39m]: Computed zero hashes for levels 0-30
2025-06-27T07:54:48.837Z [[32minfo[39m]: MerkleTreeService initialized successfully
2025-06-27T07:54:48.840Z [[32minfo[39m]: Initializing EventIndexer...
2025-06-27T07:54:48.865Z [[32minfo[39m]: Finding contract creation block...
2025-06-27T07:54:48.947Z [[32minfo[39m]: Contract created at block 27
2025-06-27T07:54:48.948Z [[32minfo[39m]: Starting to index events from block 27...
2025-06-27T07:54:48.948Z [[32minfo[39m]: Indexing events from block 27 to 35...
2025-06-27T07:54:48.967Z [[32minfo[39m]: Found 8 leaf insertion events
2025-06-27T07:54:48.967Z [[32minfo[39m]: Processing leaf insertion: leafIndex=0, leaf=11061604030246263906334285566705042026886628207002957314320310873338893911424, newRoot=21141207245873487208876935027456598141633185418334516876347810287994794212121
2025-06-27T07:54:48.969Z [[32minfo[39m]: Added leaf at index 0: 11061604030246263906334285566705042026886628207002957314320310873338893911424
2025-06-27T07:54:48.970Z [[32minfo[39m]: Processing leaf insertion: leafIndex=1, leaf=14974737303572689894325357499913588908515419159672217727531728141843360099042, newRoot=778101781008267342831263649935262875057717978005917814415231383419599690840
2025-06-27T07:54:48.972Z [[32minfo[39m]: Added leaf at index 1: 14974737303572689894325357499913588908515419159672217727531728141843360099042
2025-06-27T07:54:48.972Z [[32minfo[39m]: Processing leaf insertion: leafIndex=2, leaf=12611811657471532518357292655979656662407672605559237921981760516835236820027, newRoot=19548696617287492254227545436453230982520746517879888410081559846683075044520
2025-06-27T07:54:48.974Z [[32minfo[39m]: Added leaf at index 2: 12611811657471532518357292655979656662407672605559237921981760516835236820027
2025-06-27T07:54:48.974Z [[32minfo[39m]: Processing leaf insertion: leafIndex=3, leaf=12690048037987204264987885754931962670285909987118782416566270612887819376645, newRoot=2769782935438232410715281093590108905006237646998798914529003328670135839282
2025-06-27T07:54:48.976Z [[32minfo[39m]: Added leaf at index 3: 12690048037987204264987885754931962670285909987118782416566270612887819376645
2025-06-27T07:54:48.976Z [[32minfo[39m]: Processing leaf insertion: leafIndex=4, leaf=20040050346449554123680617461720726932221521550789697753478055102143432524370, newRoot=3909787086204257220487425794382092826034814830486468990725171526966838068490
2025-06-27T07:54:48.978Z [[32minfo[39m]: Added leaf at index 4: 20040050346449554123680617461720726932221521550789697753478055102143432524370
2025-06-27T07:54:48.978Z [[32minfo[39m]: Processing leaf insertion: leafIndex=5, leaf=13046571031248782299255773605459883522881133960333575606118411366060234619493, newRoot=8000757062396422648887996961014419665850755398015224709883833561204496366841
2025-06-27T07:54:48.980Z [[32minfo[39m]: Added leaf at index 5: 13046571031248782299255773605459883522881133960333575606118411366060234619493
2025-06-27T07:54:48.980Z [[32minfo[39m]: Processing leaf insertion: leafIndex=6, leaf=15385525972233820708243304170829537231030214474380833939708488820007711921862, newRoot=2585958976124600257657297621840052118689587228410109197400304568166111487434
2025-06-27T07:54:48.982Z [[32minfo[39m]: Added leaf at index 6: 15385525972233820708243304170829537231030214474380833939708488820007711921862
2025-06-27T07:54:48.982Z [[32minfo[39m]: Processing leaf insertion: leafIndex=7, leaf=17963156239293704159902788057985003310342456023136044836035148598336932469519, newRoot=16939741096604378083889250711009166721796793289786040356689660085779035292883
2025-06-27T07:54:48.984Z [[32minfo[39m]: Added leaf at index 7: 17963156239293704159902788057985003310342456023136044836035148598336932469519
2025-06-27T07:54:48.984Z [[32minfo[39m]: Historical event indexing complete
2025-06-27T07:54:48.984Z [[32minfo[39m]: Setting up real-time event listener...
2025-06-27T07:54:48.985Z [[32minfo[39m]: EventIndexer initialized successfully
2025-06-27T07:54:48.988Z [[32minfo[39m]: Server running on port 3001
2025-06-27T07:54:48.988Z [[32minfo[39m]: Health check: http://localhost:3001/health
2025-06-27T07:54:48.988Z [[32minfo[39m]: Merkle API: http://localhost:3001/api/merkle
2025-06-27T07:55:21.174Z [[32minfo[39m]: Processing real-time leaf insertion: leafIndex=[object Object], leaf=undefined, newRoot=undefined
2025-06-27T07:55:21.187Z [[31merror[39m]: TypeError: Cannot read properties of undefined (reading 'toString')
    at Proxy.<anonymous> (/home/dimaranti/work/private_mixer/backend/src/services/eventIndexer.ts:157:42)
    at /home/dimaranti/work/private_mixer/backend/node_modules/ethers/src.ts/contract/contract.ts:617:22
    at Array.filter (<anonymous>)
    at _emit (/home/dimaranti/work/private_mixer/backend/node_modules/ethers/src.ts/contract/contract.ts:611:35)
    at processTicksAndRejections (node:internal/process/task_queues:95:5)
    at async emit (/home/dimaranti/work/private_mixer/backend/node_modules/ethers/src.ts/contract/contract.ts:637:12)
2025-06-27T07:55:48.540Z [[32minfo[39m]: Starting CipherPay Backend...
2025-06-27T07:55:48.541Z [[32minfo[39m]: Initializing MerkleTreeService...
2025-06-27T07:55:48.851Z [[32minfo[39m]: Computed zero hashes for levels 0-30
2025-06-27T07:55:48.852Z [[32minfo[39m]: MerkleTreeService initialized successfully
2025-06-27T07:55:48.855Z [[32minfo[39m]: Initializing EventIndexer...
2025-06-27T07:55:48.881Z [[32minfo[39m]: Finding contract creation block...
2025-06-27T07:55:48.986Z [[32minfo[39m]: Contract created at block 27
2025-06-27T07:55:48.987Z [[32minfo[39m]: Starting to index events from block 27...
2025-06-27T07:55:48.987Z [[32minfo[39m]: Indexing events from block 27 to 36...
2025-06-27T07:55:49.008Z [[32minfo[39m]: Found 9 leaf insertion events
2025-06-27T07:55:49.008Z [[32minfo[39m]: Processing leaf insertion: leafIndex=0, leaf=11061604030246263906334285566705042026886628207002957314320310873338893911424, newRoot=21141207245873487208876935027456598141633185418334516876347810287994794212121
2025-06-27T07:55:49.010Z [[32minfo[39m]: Added leaf at index 0: 11061604030246263906334285566705042026886628207002957314320310873338893911424
2025-06-27T07:55:49.010Z [[32minfo[39m]: Processing leaf insertion: leafIndex=1, leaf=14974737303572689894325357499913588908515419159672217727531728141843360099042, newRoot=778101781008267342831263649935262875057717978005917814415231383419599690840
2025-06-27T07:55:49.012Z [[32minfo[39m]: Added leaf at index 1: 14974737303572689894325357499913588908515419159672217727531728141843360099042
2025-06-27T07:55:49.012Z [[32minfo[39m]: Processing leaf insertion: leafIndex=2, leaf=12611811657471532518357292655979656662407672605559237921981760516835236820027, newRoot=19548696617287492254227545436453230982520746517879888410081559846683075044520
2025-06-27T07:55:49.013Z [[32minfo[39m]: Added leaf at index 2: 12611811657471532518357292655979656662407672605559237921981760516835236820027
2025-06-27T07:55:49.014Z [[32minfo[39m]: Processing leaf insertion: leafIndex=3, leaf=12690048037987204264987885754931962670285909987118782416566270612887819376645, newRoot=2769782935438232410715281093590108905006237646998798914529003328670135839282
2025-06-27T07:55:49.015Z [[32minfo[39m]: Added leaf at index 3: 12690048037987204264987885754931962670285909987118782416566270612887819376645
2025-06-27T07:55:49.015Z [[32minfo[39m]: Processing leaf insertion: leafIndex=4, leaf=20040050346449554123680617461720726932221521550789697753478055102143432524370, newRoot=3909787086204257220487425794382092826034814830486468990725171526966838068490
2025-06-27T07:55:49.017Z [[32minfo[39m]: Added leaf at index 4: 20040050346449554123680617461720726932221521550789697753478055102143432524370
2025-06-27T07:55:49.017Z [[32minfo[39m]: Processing leaf insertion: leafIndex=5, leaf=13046571031248782299255773605459883522881133960333575606118411366060234619493, newRoot=8000757062396422648887996961014419665850755398015224709883833561204496366841
2025-06-27T07:55:49.019Z [[32minfo[39m]: Added leaf at index 5: 13046571031248782299255773605459883522881133960333575606118411366060234619493
2025-06-27T07:55:49.019Z [[32minfo[39m]: Processing leaf insertion: leafIndex=6, leaf=15385525972233820708243304170829537231030214474380833939708488820007711921862, newRoot=2585958976124600257657297621840052118689587228410109197400304568166111487434
2025-06-27T07:55:49.021Z [[32minfo[39m]: Added leaf at index 6: 15385525972233820708243304170829537231030214474380833939708488820007711921862
2025-06-27T07:55:49.021Z [[32minfo[39m]: Processing leaf insertion: leafIndex=7, leaf=17963156239293704159902788057985003310342456023136044836035148598336932469519, newRoot=16939741096604378083889250711009166721796793289786040356689660085779035292883
2025-06-27T07:55:49.023Z [[32minfo[39m]: Added leaf at index 7: 17963156239293704159902788057985003310342456023136044836035148598336932469519
2025-06-27T07:55:49.023Z [[32minfo[39m]: Processing leaf insertion: leafIndex=8, leaf=15850174655953166449877151026881767868145620329985682872799665339700187902057, newRoot=2299072031806395249138712837372355312427288641090858149348922800111306541275
2025-06-27T07:55:49.025Z [[32minfo[39m]: Added leaf at index 8: 15850174655953166449877151026881767868145620329985682872799665339700187902057
2025-06-27T07:55:49.025Z [[32minfo[39m]: Historical event indexing complete
2025-06-27T07:55:49.026Z [[32minfo[39m]: Setting up real-time event listener...
2025-06-27T07:55:49.026Z [[32minfo[39m]: EventIndexer initialized successfully
2025-06-27T07:55:49.030Z [[32minfo[39m]: Server running on port 3001
2025-06-27T07:55:49.030Z [[32minfo[39m]: Health check: http://localhost:3001/health
2025-06-27T07:55:49.030Z [[32minfo[39m]: Merkle API: http://localhost:3001/api/merkle
2025-06-27T07:56:16.788Z [[32minfo[39m]: Starting CipherPay Backend...
2025-06-27T07:56:16.789Z [[32minfo[39m]: Initializing MerkleTreeService...
2025-06-27T07:56:17.087Z [[32minfo[39m]: Computed zero hashes for levels 0-30
2025-06-27T07:56:17.088Z [[32minfo[39m]: MerkleTreeService initialized successfully
2025-06-27T07:56:17.091Z [[32minfo[39m]: Initializing EventIndexer...
2025-06-27T07:56:17.115Z [[32minfo[39m]: Finding contract creation block...
2025-06-27T07:56:17.213Z [[32minfo[39m]: Contract created at block 27
2025-06-27T07:56:17.213Z [[32minfo[39m]: Starting to index events from block 27...
2025-06-27T07:56:17.214Z [[32minfo[39m]: Indexing events from block 27 to 36...
2025-06-27T07:56:17.233Z [[32minfo[39m]: Found 9 leaf insertion events
2025-06-27T07:56:17.234Z [[32minfo[39m]: Processing leaf insertion: leafIndex=0, leaf=11061604030246263906334285566705042026886628207002957314320310873338893911424, newRoot=21141207245873487208876935027456598141633185418334516876347810287994794212121
2025-06-27T07:56:17.236Z [[32minfo[39m]: Added leaf at index 0: 11061604030246263906334285566705042026886628207002957314320310873338893911424
2025-06-27T07:56:17.237Z [[32minfo[39m]: Processing leaf insertion: leafIndex=1, leaf=14974737303572689894325357499913588908515419159672217727531728141843360099042, newRoot=778101781008267342831263649935262875057717978005917814415231383419599690840
2025-06-27T07:56:17.239Z [[32minfo[39m]: Added leaf at index 1: 14974737303572689894325357499913588908515419159672217727531728141843360099042
2025-06-27T07:56:17.239Z [[32minfo[39m]: Processing leaf insertion: leafIndex=2, leaf=12611811657471532518357292655979656662407672605559237921981760516835236820027, newRoot=19548696617287492254227545436453230982520746517879888410081559846683075044520
2025-06-27T07:56:17.241Z [[32minfo[39m]: Added leaf at index 2: 12611811657471532518357292655979656662407672605559237921981760516835236820027
2025-06-27T07:56:17.241Z [[32minfo[39m]: Processing leaf insertion: leafIndex=3, leaf=12690048037987204264987885754931962670285909987118782416566270612887819376645, newRoot=2769782935438232410715281093590108905006237646998798914529003328670135839282
2025-06-27T07:56:17.243Z [[32minfo[39m]: Added leaf at index 3: 12690048037987204264987885754931962670285909987118782416566270612887819376645
2025-06-27T07:56:17.243Z [[32minfo[39m]: Processing leaf insertion: leafIndex=4, leaf=20040050346449554123680617461720726932221521550789697753478055102143432524370, newRoot=3909787086204257220487425794382092826034814830486468990725171526966838068490
2025-06-27T07:56:17.245Z [[32minfo[39m]: Added leaf at index 4: 20040050346449554123680617461720726932221521550789697753478055102143432524370
2025-06-27T07:56:17.245Z [[32minfo[39m]: Processing leaf insertion: leafIndex=5, leaf=13046571031248782299255773605459883522881133960333575606118411366060234619493, newRoot=8000757062396422648887996961014419665850755398015224709883833561204496366841
2025-06-27T07:56:17.247Z [[32minfo[39m]: Added leaf at index 5: 13046571031248782299255773605459883522881133960333575606118411366060234619493
2025-06-27T07:56:17.247Z [[32minfo[39m]: Processing leaf insertion: leafIndex=6, leaf=15385525972233820708243304170829537231030214474380833939708488820007711921862, newRoot=2585958976124600257657297621840052118689587228410109197400304568166111487434
2025-06-27T07:56:17.249Z [[32minfo[39m]: Added leaf at index 6: 15385525972233820708243304170829537231030214474380833939708488820007711921862
2025-06-27T07:56:17.249Z [[32minfo[39m]: Processing leaf insertion: leafIndex=7, leaf=17963156239293704159902788057985003310342456023136044836035148598336932469519, newRoot=16939741096604378083889250711009166721796793289786040356689660085779035292883
2025-06-27T07:56:17.251Z [[32minfo[39m]: Added leaf at index 7: 17963156239293704159902788057985003310342456023136044836035148598336932469519
2025-06-27T07:56:17.251Z [[32minfo[39m]: Processing leaf insertion: leafIndex=8, leaf=15850174655953166449877151026881767868145620329985682872799665339700187902057, newRoot=2299072031806395249138712837372355312427288641090858149348922800111306541275
2025-06-27T07:56:17.253Z [[32minfo[39m]: Added leaf at index 8: 15850174655953166449877151026881767868145620329985682872799665339700187902057
2025-06-27T07:56:17.253Z [[32minfo[39m]: Historical event indexing complete
2025-06-27T07:56:17.254Z [[32minfo[39m]: Setting up real-time event listener...
2025-06-27T07:56:17.254Z [[32minfo[39m]: EventIndexer initialized successfully
2025-06-27T07:56:17.257Z [[32minfo[39m]: Server running on port 3001
2025-06-27T07:56:17.257Z [[32minfo[39m]: Health check: http://localhost:3001/health
2025-06-27T07:56:17.257Z [[32minfo[39m]: Merkle API: http://localhost:3001/api/merkle
2025-06-27T07:58:15.718Z [[32minfo[39m]: Starting CipherPay Backend...
2025-06-27T07:58:15.719Z [[32minfo[39m]: Initializing MerkleTreeService...
2025-06-27T07:58:16.029Z [[32minfo[39m]: Computed zero hashes for levels 0-30
2025-06-27T07:58:16.029Z [[32minfo[39m]: MerkleTreeService initialized successfully
2025-06-27T07:58:16.032Z [[32minfo[39m]: Initializing EventIndexer...
2025-06-27T07:58:16.055Z [[32minfo[39m]: Finding contract creation block...
2025-06-27T07:58:16.156Z [[32minfo[39m]: Contract created at block 27
2025-06-27T07:58:16.157Z [[32minfo[39m]: Starting to index events from block 27...
2025-06-27T07:58:16.157Z [[32minfo[39m]: Indexing events from block 27 to 37...
2025-06-27T07:58:16.176Z [[32minfo[39m]: Found 10 leaf insertion events
2025-06-27T07:58:16.177Z [[32minfo[39m]: Processing leaf insertion: leafIndex=0, leaf=11061604030246263906334285566705042026886628207002957314320310873338893911424, newRoot=21141207245873487208876935027456598141633185418334516876347810287994794212121
2025-06-27T07:58:16.178Z [[32minfo[39m]: Added leaf at index 0: 11061604030246263906334285566705042026886628207002957314320310873338893911424
2025-06-27T07:58:16.179Z [[32minfo[39m]: Processing leaf insertion: leafIndex=1, leaf=14974737303572689894325357499913588908515419159672217727531728141843360099042, newRoot=778101781008267342831263649935262875057717978005917814415231383419599690840
2025-06-27T07:58:16.180Z [[32minfo[39m]: Added leaf at index 1: 14974737303572689894325357499913588908515419159672217727531728141843360099042
2025-06-27T07:58:16.181Z [[32minfo[39m]: Processing leaf insertion: leafIndex=2, leaf=12611811657471532518357292655979656662407672605559237921981760516835236820027, newRoot=19548696617287492254227545436453230982520746517879888410081559846683075044520
2025-06-27T07:58:16.182Z [[32minfo[39m]: Added leaf at index 2: 12611811657471532518357292655979656662407672605559237921981760516835236820027
2025-06-27T07:58:16.182Z [[32minfo[39m]: Processing leaf insertion: leafIndex=3, leaf=12690048037987204264987885754931962670285909987118782416566270612887819376645, newRoot=2769782935438232410715281093590108905006237646998798914529003328670135839282
2025-06-27T07:58:16.184Z [[32minfo[39m]: Added leaf at index 3: 12690048037987204264987885754931962670285909987118782416566270612887819376645
2025-06-27T07:58:16.184Z [[32minfo[39m]: Processing leaf insertion: leafIndex=4, leaf=20040050346449554123680617461720726932221521550789697753478055102143432524370, newRoot=3909787086204257220487425794382092826034814830486468990725171526966838068490
2025-06-27T07:58:16.186Z [[32minfo[39m]: Added leaf at index 4: 20040050346449554123680617461720726932221521550789697753478055102143432524370
2025-06-27T07:58:16.186Z [[32minfo[39m]: Processing leaf insertion: leafIndex=5, leaf=13046571031248782299255773605459883522881133960333575606118411366060234619493, newRoot=8000757062396422648887996961014419665850755398015224709883833561204496366841
2025-06-27T07:58:16.187Z [[32minfo[39m]: Added leaf at index 5: 13046571031248782299255773605459883522881133960333575606118411366060234619493
2025-06-27T07:58:16.188Z [[32minfo[39m]: Processing leaf insertion: leafIndex=6, leaf=15385525972233820708243304170829537231030214474380833939708488820007711921862, newRoot=2585958976124600257657297621840052118689587228410109197400304568166111487434
2025-06-27T07:58:16.189Z [[32minfo[39m]: Added leaf at index 6: 15385525972233820708243304170829537231030214474380833939708488820007711921862
2025-06-27T07:58:16.189Z [[32minfo[39m]: Processing leaf insertion: leafIndex=7, leaf=17963156239293704159902788057985003310342456023136044836035148598336932469519, newRoot=16939741096604378083889250711009166721796793289786040356689660085779035292883
2025-06-27T07:58:16.191Z [[32minfo[39m]: Added leaf at index 7: 17963156239293704159902788057985003310342456023136044836035148598336932469519
2025-06-27T07:58:16.191Z [[32minfo[39m]: Processing leaf insertion: leafIndex=8, leaf=15850174655953166449877151026881767868145620329985682872799665339700187902057, newRoot=2299072031806395249138712837372355312427288641090858149348922800111306541275
2025-06-27T07:58:16.193Z [[32minfo[39m]: Added leaf at index 8: 15850174655953166449877151026881767868145620329985682872799665339700187902057
2025-06-27T07:58:16.193Z [[32minfo[39m]: Processing leaf insertion: leafIndex=9, leaf=16498787130511978620815820593037770405421154099317042537673734943012047159240, newRoot=2502846283529834430215574866280301592712695326442182398147282321652602132496
2025-06-27T07:58:16.195Z [[32minfo[39m]: Added leaf at index 9: 16498787130511978620815820593037770405421154099317042537673734943012047159240
2025-06-27T07:58:16.196Z [[32minfo[39m]: Historical event indexing complete
2025-06-27T07:58:16.197Z [[32minfo[39m]: Setting up real-time event listener...
2025-06-27T07:58:16.197Z [[32minfo[39m]: EventIndexer initialized successfully
2025-06-27T07:58:16.200Z [[32minfo[39m]: Server running on port 3001
2025-06-27T07:58:16.200Z [[32minfo[39m]: Health check: http://localhost:3001/health
2025-06-27T07:58:16.201Z [[32minfo[39m]: Merkle API: http://localhost:3001/api/merkle
2025-06-27T07:58:36.345Z [[32minfo[39m]: Processing leaf insertion: leafIndex=10, leaf=4444073052729860803221912011222006281090140778163202227762901142348776858146, newRoot=11036223122106097648968986146677298853839931505642777806006257150672582835430
2025-06-27T07:58:36.347Z [[32minfo[39m]: Added leaf at index 10: 4444073052729860803221912011222006281090140778163202227762901142348776858146
2025-06-27T07:58:43.891Z [[32minfo[39m]: Starting CipherPay Backend...
2025-06-27T07:58:43.892Z [[32minfo[39m]: Initializing MerkleTreeService...
2025-06-27T07:58:44.221Z [[32minfo[39m]: Computed zero hashes for levels 0-30
2025-06-27T07:58:44.222Z [[32minfo[39m]: MerkleTreeService initialized successfully
2025-06-27T07:58:44.225Z [[32minfo[39m]: Initializing EventIndexer...
2025-06-27T07:58:44.251Z [[32minfo[39m]: Finding contract creation block...
2025-06-27T07:58:44.332Z [[32minfo[39m]: Contract created at block 27
2025-06-27T07:58:44.333Z [[32minfo[39m]: Starting to index events from block 27...
2025-06-27T07:58:44.333Z [[32minfo[39m]: Indexing events from block 27 to 38...
2025-06-27T07:58:44.351Z [[32minfo[39m]: Found 11 leaf insertion events
2025-06-27T07:58:44.351Z [[32minfo[39m]: Processing leaf insertion: leafIndex=0, leaf=11061604030246263906334285566705042026886628207002957314320310873338893911424, newRoot=21141207245873487208876935027456598141633185418334516876347810287994794212121
2025-06-27T07:58:44.353Z [[32minfo[39m]: Added leaf at index 0: 11061604030246263906334285566705042026886628207002957314320310873338893911424
2025-06-27T07:58:44.354Z [[32minfo[39m]: Processing leaf insertion: leafIndex=1, leaf=14974737303572689894325357499913588908515419159672217727531728141843360099042, newRoot=778101781008267342831263649935262875057717978005917814415231383419599690840
2025-06-27T07:58:44.355Z [[32minfo[39m]: Added leaf at index 1: 14974737303572689894325357499913588908515419159672217727531728141843360099042
2025-06-27T07:58:44.355Z [[32minfo[39m]: Processing leaf insertion: leafIndex=2, leaf=12611811657471532518357292655979656662407672605559237921981760516835236820027, newRoot=19548696617287492254227545436453230982520746517879888410081559846683075044520
2025-06-27T07:58:44.357Z [[32minfo[39m]: Added leaf at index 2: 12611811657471532518357292655979656662407672605559237921981760516835236820027
2025-06-27T07:58:44.357Z [[32minfo[39m]: Processing leaf insertion: leafIndex=3, leaf=12690048037987204264987885754931962670285909987118782416566270612887819376645, newRoot=2769782935438232410715281093590108905006237646998798914529003328670135839282
2025-06-27T07:58:44.359Z [[32minfo[39m]: Added leaf at index 3: 12690048037987204264987885754931962670285909987118782416566270612887819376645
2025-06-27T07:58:44.360Z [[32minfo[39m]: Processing leaf insertion: leafIndex=4, leaf=20040050346449554123680617461720726932221521550789697753478055102143432524370, newRoot=3909787086204257220487425794382092826034814830486468990725171526966838068490
2025-06-27T07:58:44.361Z [[32minfo[39m]: Added leaf at index 4: 20040050346449554123680617461720726932221521550789697753478055102143432524370
2025-06-27T07:58:44.362Z [[32minfo[39m]: Processing leaf insertion: leafIndex=5, leaf=13046571031248782299255773605459883522881133960333575606118411366060234619493, newRoot=8000757062396422648887996961014419665850755398015224709883833561204496366841
2025-06-27T07:58:44.364Z [[32minfo[39m]: Added leaf at index 5: 13046571031248782299255773605459883522881133960333575606118411366060234619493
2025-06-27T07:58:44.364Z [[32minfo[39m]: Processing leaf insertion: leafIndex=6, leaf=15385525972233820708243304170829537231030214474380833939708488820007711921862, newRoot=2585958976124600257657297621840052118689587228410109197400304568166111487434
2025-06-27T07:58:44.366Z [[32minfo[39m]: Added leaf at index 6: 15385525972233820708243304170829537231030214474380833939708488820007711921862
2025-06-27T07:58:44.366Z [[32minfo[39m]: Processing leaf insertion: leafIndex=7, leaf=17963156239293704159902788057985003310342456023136044836035148598336932469519, newRoot=16939741096604378083889250711009166721796793289786040356689660085779035292883
2025-06-27T07:58:44.368Z [[32minfo[39m]: Added leaf at index 7: 17963156239293704159902788057985003310342456023136044836035148598336932469519
2025-06-27T07:58:44.369Z [[32minfo[39m]: Processing leaf insertion: leafIndex=8, leaf=15850174655953166449877151026881767868145620329985682872799665339700187902057, newRoot=2299072031806395249138712837372355312427288641090858149348922800111306541275
2025-06-27T07:58:44.370Z [[32minfo[39m]: Added leaf at index 8: 15850174655953166449877151026881767868145620329985682872799665339700187902057
2025-06-27T07:58:44.371Z [[32minfo[39m]: Processing leaf insertion: leafIndex=9, leaf=16498787130511978620815820593037770405421154099317042537673734943012047159240, newRoot=2502846283529834430215574866280301592712695326442182398147282321652602132496
2025-06-27T07:58:44.372Z [[32minfo[39m]: Added leaf at index 9: 16498787130511978620815820593037770405421154099317042537673734943012047159240
2025-06-27T07:58:44.373Z [[32minfo[39m]: Processing leaf insertion: leafIndex=10, leaf=4444073052729860803221912011222006281090140778163202227762901142348776858146, newRoot=11036223122106097648968986146677298853839931505642777806006257150672582835430
2025-06-27T07:58:44.374Z [[32minfo[39m]: Added leaf at index 10: 4444073052729860803221912011222006281090140778163202227762901142348776858146
2025-06-27T07:58:44.375Z [[32minfo[39m]: Historical event indexing complete
2025-06-27T07:58:44.375Z [[32minfo[39m]: Setting up real-time event listener...
2025-06-27T07:58:44.375Z [[32minfo[39m]: EventIndexer initialized successfully
2025-06-27T07:58:44.378Z [[32minfo[39m]: Server running on port 3001
2025-06-27T07:58:44.378Z [[32minfo[39m]: Health check: http://localhost:3001/health
2025-06-27T07:58:44.378Z [[32minfo[39m]: Merkle API: http://localhost:3001/api/merkle
2025-06-27T07:59:00.404Z [[32minfo[39m]: Served Merkle tree with 11 leaves
2025-06-27T07:59:02.248Z [[32minfo[39m]: Served Merkle tree with 11 leaves
2025-06-27T07:59:24.595Z [[32minfo[39m]: Processing leaf insertion: leafIndex=11, leaf=14543433619373017056628368476961443432993515635641050375307652284772332156171, newRoot=14439632914616273369664442271636436458557961748377772373602048580631423812105
2025-06-27T07:59:24.597Z [[32minfo[39m]: Added leaf at index 11: 14543433619373017056628368476961443432993515635641050375307652284772332156171
2025-06-27T10:45:19.269Z [[32minfo[39m]: Served Merkle tree with 12 leaves
2025-06-27T10:45:20.966Z [[32minfo[39m]: Served Merkle tree with 12 leaves
2025-06-27T10:45:22.311Z [[32minfo[39m]: Served Merkle tree with 12 leaves
2025-06-27T10:45:26.936Z [[32minfo[39m]: Served Merkle tree with 12 leaves
2025-06-27T10:45:31.804Z [[32minfo[39m]: Served Merkle tree with 12 leaves
2025-06-27T10:45:40.263Z [[32minfo[39m]: Served Merkle tree with 12 leaves
2025-06-27T10:46:14.038Z [[32minfo[39m]: Served Merkle tree with 12 leaves
2025-06-27T10:46:15.465Z [[32minfo[39m]: Served Merkle tree with 12 leaves
2025-06-27T10:46:21.234Z [[32minfo[39m]: Served Merkle tree with 12 leaves
2025-06-27T10:46:24.266Z [[32minfo[39m]: Shutting down gracefully...
2025-06-27T10:46:29.138Z [[32minfo[39m]: Starting CipherPay Backend...
2025-06-27T10:46:29.140Z [[32minfo[39m]: Initializing MerkleTreeService...
2025-06-27T10:46:29.505Z [[32minfo[39m]: Computed zero hashes for levels 0-30
2025-06-27T10:46:29.505Z [[32minfo[39m]: MerkleTreeService initialized successfully
2025-06-27T10:46:29.508Z [[32minfo[39m]: Initializing EventIndexer...
2025-06-27T10:46:29.574Z [[32minfo[39m]: Finding contract creation block...
2025-06-27T10:46:29.675Z [[32minfo[39m]: Contract created at block 27
2025-06-27T10:46:29.676Z [[32minfo[39m]: Starting to index events from block 27...
2025-06-27T10:46:29.676Z [[32minfo[39m]: Indexing events from block 27 to 41...
2025-06-27T10:46:29.698Z [[32minfo[39m]: Found 14 leaf insertion events
2025-06-27T10:46:29.698Z [[32minfo[39m]: Processing leaf insertion: leafIndex=0, leaf=11061604030246263906334285566705042026886628207002957314320310873338893911424, newRoot=21141207245873487208876935027456598141633185418334516876347810287994794212121
2025-06-27T10:46:29.700Z [[32minfo[39m]: Added leaf at index 0: 11061604030246263906334285566705042026886628207002957314320310873338893911424
2025-06-27T10:46:29.700Z [[32minfo[39m]: Processing leaf insertion: leafIndex=1, leaf=14974737303572689894325357499913588908515419159672217727531728141843360099042, newRoot=778101781008267342831263649935262875057717978005917814415231383419599690840
2025-06-27T10:46:29.702Z [[32minfo[39m]: Added leaf at index 1: 14974737303572689894325357499913588908515419159672217727531728141843360099042
2025-06-27T10:46:29.702Z [[32minfo[39m]: Processing leaf insertion: leafIndex=2, leaf=12611811657471532518357292655979656662407672605559237921981760516835236820027, newRoot=19548696617287492254227545436453230982520746517879888410081559846683075044520
2025-06-27T10:46:29.703Z [[32minfo[39m]: Added leaf at index 2: 12611811657471532518357292655979656662407672605559237921981760516835236820027
2025-06-27T10:46:29.704Z [[32minfo[39m]: Processing leaf insertion: leafIndex=3, leaf=12690048037987204264987885754931962670285909987118782416566270612887819376645, newRoot=2769782935438232410715281093590108905006237646998798914529003328670135839282
2025-06-27T10:46:29.705Z [[32minfo[39m]: Added leaf at index 3: 12690048037987204264987885754931962670285909987118782416566270612887819376645
2025-06-27T10:46:29.705Z [[32minfo[39m]: Processing leaf insertion: leafIndex=4, leaf=20040050346449554123680617461720726932221521550789697753478055102143432524370, newRoot=3909787086204257220487425794382092826034814830486468990725171526966838068490
2025-06-27T10:46:29.708Z [[32minfo[39m]: Added leaf at index 4: 20040050346449554123680617461720726932221521550789697753478055102143432524370
2025-06-27T10:46:29.708Z [[32minfo[39m]: Processing leaf insertion: leafIndex=5, leaf=13046571031248782299255773605459883522881133960333575606118411366060234619493, newRoot=8000757062396422648887996961014419665850755398015224709883833561204496366841
2025-06-27T10:46:29.711Z [[32minfo[39m]: Added leaf at index 5: 13046571031248782299255773605459883522881133960333575606118411366060234619493
2025-06-27T10:46:29.712Z [[32minfo[39m]: Processing leaf insertion: leafIndex=6, leaf=15385525972233820708243304170829537231030214474380833939708488820007711921862, newRoot=2585958976124600257657297621840052118689587228410109197400304568166111487434
2025-06-27T10:46:29.713Z [[32minfo[39m]: Added leaf at index 6: 15385525972233820708243304170829537231030214474380833939708488820007711921862
2025-06-27T10:46:29.713Z [[32minfo[39m]: Processing leaf insertion: leafIndex=7, leaf=17963156239293704159902788057985003310342456023136044836035148598336932469519, newRoot=16939741096604378083889250711009166721796793289786040356689660085779035292883
2025-06-27T10:46:29.715Z [[32minfo[39m]: Added leaf at index 7: 17963156239293704159902788057985003310342456023136044836035148598336932469519
2025-06-27T10:46:29.715Z [[32minfo[39m]: Processing leaf insertion: leafIndex=8, leaf=15850174655953166449877151026881767868145620329985682872799665339700187902057, newRoot=2299072031806395249138712837372355312427288641090858149348922800111306541275
2025-06-27T10:46:29.717Z [[32minfo[39m]: Added leaf at index 8: 15850174655953166449877151026881767868145620329985682872799665339700187902057
2025-06-27T10:46:29.717Z [[32minfo[39m]: Processing leaf insertion: leafIndex=9, leaf=16498787130511978620815820593037770405421154099317042537673734943012047159240, newRoot=2502846283529834430215574866280301592712695326442182398147282321652602132496
2025-06-27T10:46:29.719Z [[32minfo[39m]: Added leaf at index 9: 16498787130511978620815820593037770405421154099317042537673734943012047159240
2025-06-27T10:46:29.719Z [[32minfo[39m]: Processing leaf insertion: leafIndex=10, leaf=4444073052729860803221912011222006281090140778163202227762901142348776858146, newRoot=11036223122106097648968986146677298853839931505642777806006257150672582835430
2025-06-27T10:46:29.721Z [[32minfo[39m]: Added leaf at index 10: 4444073052729860803221912011222006281090140778163202227762901142348776858146
2025-06-27T10:46:29.721Z [[32minfo[39m]: Processing leaf insertion: leafIndex=11, leaf=14543433619373017056628368476961443432993515635641050375307652284772332156171, newRoot=14439632914616273369664442271636436458557961748377772373602048580631423812105
2025-06-27T10:46:29.723Z [[32minfo[39m]: Added leaf at index 11: 14543433619373017056628368476961443432993515635641050375307652284772332156171
2025-06-27T10:46:29.723Z [[32minfo[39m]: Processing leaf insertion: leafIndex=12, leaf=17624828887667313888929256435386976069047013886722257456888465494432794562461, newRoot=6143111417899876738348135236194252279351528939168721010929824996973463459572
2025-06-27T10:46:29.725Z [[32minfo[39m]: Added leaf at index 12: 17624828887667313888929256435386976069047013886722257456888465494432794562461
2025-06-27T10:46:29.725Z [[32minfo[39m]: Processing leaf insertion: leafIndex=13, leaf=11091795506647977905370146653984823059277065806288742678619582127060073842152, newRoot=20845158718701600116558088902189324849114049574917108340743193443224517089141
2025-06-27T10:46:29.727Z [[32minfo[39m]: Added leaf at index 13: 11091795506647977905370146653984823059277065806288742678619582127060073842152
2025-06-27T10:46:29.727Z [[32minfo[39m]: Historical event indexing complete
2025-06-27T10:46:29.728Z [[32minfo[39m]: Setting up real-time event listener...
2025-06-27T10:46:29.728Z [[32minfo[39m]: EventIndexer initialized successfully
2025-06-27T10:46:29.731Z [[32minfo[39m]: Server running on port 3001
2025-06-27T10:46:29.731Z [[32minfo[39m]: Health check: http://localhost:3001/health
2025-06-27T10:46:29.731Z [[32minfo[39m]: Merkle API: http://localhost:3001/api/merkle
2025-06-27T10:46:33.983Z [[32minfo[39m]: Served Merkle tree with 14 leaves
2025-06-27T10:46:36.571Z [[32minfo[39m]: Served Merkle tree with 14 leaves
