2025-06-27T05:45:21.588Z [[31merror[39m]: TypeError: this.contract.filters.DepositEvent is not a function
    at EventIndexer.indexHistoricalEvents (/home/dimaranti/work/private_mixer/backend/src/services/eventIndexer.ts:109:44)
    at processTicksAndRejections (node:internal/process/task_queues:105:5)
    at async EventIndexer.startIndexing (/home/dimaranti/work/private_mixer/backend/src/services/eventIndexer.ts:90:5)
    at async EventIndexer.initialize (/home/dimaranti/work/private_mixer/backend/src/services/eventIndexer.ts:55:7)
    at async initialize (/home/dimaranti/work/private_mixer/backend/src/index.ts:44:5)
2025-06-27T05:48:03.651Z [[31merror[39m]: TypeError: Cannot convert undefined to a BigInt
    at BigInt (<anonymous>)
    at EventIndexer.processLeafInsertedEvent (/home/dimaranti/work/private_mixer/backend/src/services/eventIndexer.ts:158:25)
    at EventIndexer.indexHistoricalEvents (/home/dimaranti/work/private_mixer/backend/src/services/eventIndexer.ts:118:20)
    at processTicksAndRejections (node:internal/process/task_queues:105:5)
    at async EventIndexer.startIndexing (/home/dimaranti/work/private_mixer/backend/src/services/eventIndexer.ts:90:5)
    at async EventIndexer.initialize (/home/dimaranti/work/private_mixer/backend/src/services/eventIndexer.ts:55:7)
    at async initialize (/home/dimaranti/work/private_mixer/backend/src/index.ts:44:5)
2025-06-27T05:48:29.921Z [[31merror[39m]: TypeError: Cannot convert undefined to a BigInt
    at BigInt (<anonymous>)
    at EventIndexer.processLeafInsertedEvent (/home/dimaranti/work/private_mixer/backend/src/services/eventIndexer.ts:158:25)
    at EventIndexer.indexHistoricalEvents (/home/dimaranti/work/private_mixer/backend/src/services/eventIndexer.ts:118:20)
    at processTicksAndRejections (node:internal/process/task_queues:105:5)
    at async EventIndexer.startIndexing (/home/dimaranti/work/private_mixer/backend/src/services/eventIndexer.ts:90:5)
    at async EventIndexer.initialize (/home/dimaranti/work/private_mixer/backend/src/services/eventIndexer.ts:55:7)
    at async initialize (/home/dimaranti/work/private_mixer/backend/src/index.ts:44:5)
2025-06-27T05:48:37.287Z [[31merror[39m]: TypeError: Cannot convert undefined to a BigInt
    at BigInt (<anonymous>)
    at EventIndexer.processLeafInsertedEvent (/home/dimaranti/work/private_mixer/backend/src/services/eventIndexer.ts:158:25)
    at EventIndexer.indexHistoricalEvents (/home/dimaranti/work/private_mixer/backend/src/services/eventIndexer.ts:118:20)
    at processTicksAndRejections (node:internal/process/task_queues:105:5)
    at async EventIndexer.startIndexing (/home/dimaranti/work/private_mixer/backend/src/services/eventIndexer.ts:90:5)
    at async EventIndexer.initialize (/home/dimaranti/work/private_mixer/backend/src/services/eventIndexer.ts:55:7)
    at async initialize (/home/dimaranti/work/private_mixer/backend/src/index.ts:44:5)
2025-06-27T06:05:58.819Z [[31merror[39m]: TypeError: Do not know how to serialize a BigInt
    at JSON.stringify (<anonymous>)
    at stringify (/home/dimaranti/work/private_mixer/backend/node_modules/express/lib/response.js:1020:12)
    at ServerResponse.json (/home/dimaranti/work/private_mixer/backend/node_modules/express/lib/response.js:243:14)
    at /home/dimaranti/work/private_mixer/backend/src/routes/merkle.ts:36:9
    at Layer.handleRequest (/home/dimaranti/work/private_mixer/backend/node_modules/router/lib/layer.js:152:17)
    at next (/home/dimaranti/work/private_mixer/backend/node_modules/router/lib/route.js:157:13)
    at Route.dispatch (/home/dimaranti/work/private_mixer/backend/node_modules/router/lib/route.js:117:3)
    at handle (/home/dimaranti/work/private_mixer/backend/node_modules/router/index.js:435:11)
    at Layer.handleRequest (/home/dimaranti/work/private_mixer/backend/node_modules/router/lib/layer.js:152:17)
    at /home/dimaranti/work/private_mixer/backend/node_modules/router/index.js:295:15
2025-06-27T07:54:39.967Z [[31merror[39m]: TypeError: abi is not iterable
    at new Interface (/home/dimaranti/work/private_mixer/backend/node_modules/ethers/src.ts/abi/interface.ts:342:25)
    at Function.from (/home/dimaranti/work/private_mixer/backend/node_modules/ethers/src.ts/abi/interface.ts:1269:16)
    at new BaseContract (/home/dimaranti/work/private_mixer/backend/node_modules/ethers/src.ts/contract/contract.ts:690:33)
    at new Contract (/home/dimaranti/work/private_mixer/backend/node_modules/ethers/src.ts/contract/contract.ts:1120:1)
    at new EventIndexer (/home/dimaranti/work/private_mixer/backend/src/services/eventIndexer.ts:25:21)
    at Function.getInstance (/home/dimaranti/work/private_mixer/backend/src/services/eventIndexer.ts:34:31)
    at initialize (/home/dimaranti/work/private_mixer/backend/src/index.ts:43:39)
2025-06-27T07:55:21.187Z [[31merror[39m]: TypeError: Cannot read properties of undefined (reading 'toString')
    at Proxy.<anonymous> (/home/dimaranti/work/private_mixer/backend/src/services/eventIndexer.ts:157:42)
    at /home/dimaranti/work/private_mixer/backend/node_modules/ethers/src.ts/contract/contract.ts:617:22
    at Array.filter (<anonymous>)
    at _emit (/home/dimaranti/work/private_mixer/backend/node_modules/ethers/src.ts/contract/contract.ts:611:35)
    at processTicksAndRejections (node:internal/process/task_queues:95:5)
    at async emit (/home/dimaranti/work/private_mixer/backend/node_modules/ethers/src.ts/contract/contract.ts:637:12)
